::1 - - [12/Nov/2025:09:45:27 +0200] "GET / HTTP/1.1" 403 299
::1 - - [12/Nov/2025:09:45:27 +0200] "GET /favicon.ico HTTP/1.1" 404 296
::1 - - [12/Nov/2025:09:47:47 +0200] "GET / HTTP/1.1" 200 237
::1 - - [12/Nov/2025:09:54:10 +0200] "GET / HTTP/1.1" 200 243
::1 - - [12/Nov/2025:10:03:12 +0200] "GET / HTTP/1.1" 500 632
::1 - - [12/Nov/2025:10:03:13 +0200] "GET / HTTP/1.1" 500 632
::1 - - [12/Nov/2025:10:03:13 +0200] "GET / HTTP/1.1" 500 632
::1 - - [12/Nov/2025:10:03:14 +0200] "GET / HTTP/1.1" 500 632
::1 - - [12/Nov/2025:10:03:14 +0200] "GET / HTTP/1.1" 500 632
::1 - - [12/Nov/2025:10:03:15 +0200] "GET / HTTP/1.1" 500 632
::1 - - [12/Nov/2025:10:03:15 +0200] "GET / HTTP/1.1" 500 632
::1 - - [12/Nov/2025:10:03:15 +0200] "GET / HTTP/1.1" 500 632
::1 - - [12/Nov/2025:10:03:15 +0200] "GET / HTTP/1.1" 500 632
::1 - - [12/Nov/2025:10:03:34 +0200] "GET / HTTP/1.1" 200 23
::1 - - [12/Nov/2025:10:03:34 +0200] "GET / HTTP/1.1" 200 23
::1 - - [12/Nov/2025:11:30:32 +0200] "GET / HTTP/1.1" 200 3801
::1 - - [12/Nov/2025:11:30:33 +0200] "GET /Python.png HTTP/1.1" 200 185433
::1 - - [13/Nov/2025:13:51:24 +0200] "GET / HTTP/1.1" 200 4118
::1 - - [13/Nov/2025:13:51:24 +0200] "GET /Python.png HTTP/1.1" 200 4066
::1 - - [13/Nov/2025:13:51:49 +0200] "GET / HTTP/1.1" 200 4118
::1 - - [13/Nov/2025:13:51:49 +0200] "GET /Python.png HTTP/1.1" 200 4066
::1 - - [13/Nov/2025:13:54:03 +0200] "GET / HTTP/1.1" 200 4159
::1 - - [13/Nov/2025:13:54:03 +0200] "GET /Python.png HTTP/1.1" 200 4066
::1 - - [13/Nov/2025:13:56:32 +0200] "GET / HTTP/1.1" 200 4156
::1 - - [13/Nov/2025:13:56:32 +0200] "GET /Python.png HTTP/1.1" 200 4063
::1 - - [13/Nov/2025:13:56:33 +0200] "GET / HTTP/1.1" 200 4156
::1 - - [13/Nov/2025:13:56:33 +0200] "GET /Python.png HTTP/1.1" 200 4063
::1 - - [13/Nov/2025:14:01:32 +0200] "-" 408 -
::1 - - [13/Nov/2025:14:09:33 +0200] "GET / HTTP/1.1" 200 561
::1 - - [13/Nov/2025:14:09:33 +0200] "GET /Python.png HTTP/1.1" 200 571
::1 - - [13/Nov/2025:14:10:30 +0200] "GET / HTTP/1.1" 200 561
::1 - - [13/Nov/2025:14:10:30 +0200] "GET /Python.png HTTP/1.1" 200 571
::1 - - [13/Nov/2025:14:10:31 +0200] "GET / HTTP/1.1" 200 561
::1 - - [13/Nov/2025:14:10:31 +0200] "GET /Python.png HTTP/1.1" 200 571
::1 - - [13/Nov/2025:14:10:52 +0200] "GET / HTTP/1.1" 200 561
::1 - - [13/Nov/2025:14:10:52 +0200] "GET /Python.png HTTP/1.1" 200 571
::1 - - [13/Nov/2025:14:10:53 +0200] "GET / HTTP/1.1" 200 561
::1 - - [13/Nov/2025:14:10:53 +0200] "GET /Python.png HTTP/1.1" 200 571
::1 - - [13/Nov/2025:14:10:53 +0200] "GET / HTTP/1.1" 200 561
::1 - - [13/Nov/2025:14:10:53 +0200] "GET /Python.png HTTP/1.1" 200 571
::1 - - [13/Nov/2025:14:11:35 +0200] "GET / HTTP/1.1" 200 664
::1 - - [13/Nov/2025:14:11:35 +0200] "GET /Python.png HTTP/1.1" 200 684
::1 - - [13/Nov/2025:14:11:36 +0200] "GET / HTTP/1.1" 200 664
::1 - - [13/Nov/2025:14:11:36 +0200] "GET /Python.png HTTP/1.1" 200 684
::1 - - [13/Nov/2025:14:11:49 +0200] "GET / HTTP/1.1" 200 1151
::1 - - [13/Nov/2025:14:11:49 +0200] "GET /Python.png HTTP/1.1" 200 1053
::1 - - [13/Nov/2025:14:23:07 +0200] "GET / HTTP/1.1" 200 1151
::1 - - [13/Nov/2025:14:23:08 +0200] "GET /Python.png HTTP/1.1" 200 1053
::1 - - [13/Nov/2025:14:23:08 +0200] "GET / HTTP/1.1" 200 1151
::1 - - [13/Nov/2025:14:23:09 +0200] "GET /Python.png HTTP/1.1" 200 1053
::1 - - [13/Nov/2025:14:25:37 +0200] "GET / HTTP/1.1" 200 1151
::1 - - [13/Nov/2025:14:25:37 +0200] "GET /Python.png HTTP/1.1" 200 1053
::1 - - [13/Nov/2025:14:31:43 +0200] "GET / HTTP/1.1" 500 632
::1 - - [13/Nov/2025:14:31:43 +0200] "GET /favicon.ico HTTP/1.1" 500 632
::1 - - [13/Nov/2025:14:31:44 +0200] "GET / HTTP/1.1" 500 632
::1 - - [13/Nov/2025:14:31:44 +0200] "GET /favicon.ico HTTP/1.1" 500 632
::1 - - [13/Nov/2025:14:31:45 +0200] "GET / HTTP/1.1" 500 632
::1 - - [13/Nov/2025:14:31:45 +0200] "GET /favicon.ico HTTP/1.1" 500 632
::1 - - [13/Nov/2025:14:31:55 +0200] "GET / HTTP/1.1" 500 632
::1 - - [13/Nov/2025:14:31:55 +0200] "GET /favicon.ico HTTP/1.1" 500 632
::1 - - [13/Nov/2025:14:31:56 +0200] "GET / HTTP/1.1" 500 632
::1 - - [13/Nov/2025:14:31:56 +0200] "GET /favicon.ico HTTP/1.1" 500 632
::1 - - [13/Nov/2025:14:31:56 +0200] "GET / HTTP/1.1" 500 632
::1 - - [13/Nov/2025:14:31:56 +0200] "GET /favicon.ico HTTP/1.1" 500 632
::1 - - [13/Nov/2025:14:31:56 +0200] "GET / HTTP/1.1" 500 632
::1 - - [13/Nov/2025:14:31:56 +0200] "GET /favicon.ico HTTP/1.1" 500 632
::1 - - [13/Nov/2025:14:31:56 +0200] "GET / HTTP/1.1" 500 632
::1 - - [13/Nov/2025:14:31:56 +0200] "GET /favicon.ico HTTP/1.1" 500 632
::1 - - [13/Nov/2025:14:31:56 +0200] "GET / HTTP/1.1" 500 632
::1 - - [13/Nov/2025:14:31:56 +0200] "GET /favicon.ico HTTP/1.1" 500 632
::1 - - [13/Nov/2025:14:31:56 +0200] "GET / HTTP/1.1" 500 632
::1 - - [13/Nov/2025:14:31:56 +0200] "GET /favicon.ico HTTP/1.1" 500 632
::1 - - [13/Nov/2025:14:31:56 +0200] "GET / HTTP/1.1" 500 632
::1 - - [13/Nov/2025:14:31:57 +0200] "GET /favicon.ico HTTP/1.1" 500 632
::1 - - [13/Nov/2025:14:31:57 +0200] "GET / HTTP/1.1" 500 632
::1 - - [13/Nov/2025:14:31:57 +0200] "GET /favicon.ico HTTP/1.1" 500 632
::1 - - [13/Nov/2025:14:31:57 +0200] "GET / HTTP/1.1" 500 632
::1 - - [13/Nov/2025:14:31:57 +0200] "GET /favicon.ico HTTP/1.1" 500 632
::1 - - [13/Nov/2025:14:31:57 +0200] "GET / HTTP/1.1" 500 632
::1 - - [13/Nov/2025:14:31:57 +0200] "GET /favicon.ico HTTP/1.1" 500 632
::1 - - [13/Nov/2025:14:31:57 +0200] "GET / HTTP/1.1" 500 632
::1 - - [13/Nov/2025:14:31:57 +0200] "GET /favicon.ico HTTP/1.1" 500 632
::1 - - [13/Nov/2025:14:31:57 +0200] "GET / HTTP/1.1" 500 632
::1 - - [13/Nov/2025:14:31:57 +0200] "GET /favicon.ico HTTP/1.1" 500 632
::1 - - [13/Nov/2025:14:31:58 +0200] "GET / HTTP/1.1" 500 632
::1 - - [13/Nov/2025:14:31:58 +0200] "GET /favicon.ico HTTP/1.1" 500 632
::1 - - [13/Nov/2025:14:31:59 +0200] "GET / HTTP/1.1" 500 632
::1 - - [13/Nov/2025:14:31:59 +0200] "GET /favicon.ico HTTP/1.1" 500 632
::1 - - [13/Nov/2025:14:32:00 +0200] "GET /favicon.ico HTTP/1.1" 500 632
::1 - - [13/Nov/2025:14:32:01 +0200] "GET / HTTP/1.1" 500 632
::1 - - [13/Nov/2025:14:32:01 +0200] "GET /favicon.ico HTTP/1.1" 500 632
::1 - - [13/Nov/2025:14:32:01 +0200] "GET / HTTP/1.1" 500 632
::1 - - [13/Nov/2025:14:32:01 +0200] "GET /favicon.ico HTTP/1.1" 500 632
::1 - - [13/Nov/2025:14:32:17 +0200] "GET / HTTP/1.1" 500 632
::1 - - [13/Nov/2025:14:32:17 +0200] "GET /favicon.ico HTTP/1.1" 500 632
::1 - - [13/Nov/2025:14:32:17 +0200] "GET / HTTP/1.1" 500 632
::1 - - [13/Nov/2025:14:32:17 +0200] "GET /favicon.ico HTTP/1.1" 500 632
::1 - - [13/Nov/2025:14:32:18 +0200] "GET / HTTP/1.1" 500 632
::1 - - [13/Nov/2025:14:32:18 +0200] "GET /favicon.ico HTTP/1.1" 500 632
::1 - - [13/Nov/2025:14:32:43 +0200] "GET / HTTP/1.1" 500 632
::1 - - [13/Nov/2025:14:32:43 +0200] "GET /favicon.ico HTTP/1.1" 500 632
::1 - - [13/Nov/2025:14:32:43 +0200] "GET / HTTP/1.1" 500 632
::1 - - [13/Nov/2025:14:32:43 +0200] "GET /favicon.ico HTTP/1.1" 500 632
::1 - - [13/Nov/2025:14:32:44 +0200] "GET / HTTP/1.1" 500 632
::1 - - [13/Nov/2025:14:32:44 +0200] "GET /favicon.ico HTTP/1.1" 500 632
::1 - - [13/Nov/2025:14:32:57 +0200] "GET / HTTP/1.1" 500 632
::1 - - [13/Nov/2025:14:32:57 +0200] "GET /favicon.ico HTTP/1.1" 500 632
::1 - - [13/Nov/2025:14:33:11 +0200] "GET / HTTP/1.1" 500 632
::1 - - [13/Nov/2025:14:33:11 +0200] "GET /favicon.ico HTTP/1.1" 500 632
::1 - - [13/Nov/2025:14:33:12 +0200] "GET / HTTP/1.1" 500 632
::1 - - [13/Nov/2025:14:33:12 +0200] "GET /favicon.ico HTTP/1.1" 500 632
::1 - - [13/Nov/2025:14:33:12 +0200] "GET / HTTP/1.1" 500 632
::1 - - [13/Nov/2025:14:33:12 +0200] "GET /favicon.ico HTTP/1.1" 500 632
::1 - - [13/Nov/2025:14:33:12 +0200] "GET / HTTP/1.1" 500 632
::1 - - [13/Nov/2025:14:33:12 +0200] "GET /favicon.ico HTTP/1.1" 500 632
::1 - - [13/Nov/2025:14:33:12 +0200] "GET / HTTP/1.1" 500 632
::1 - - [13/Nov/2025:14:33:12 +0200] "GET /favicon.ico HTTP/1.1" 500 632
::1 - - [13/Nov/2025:14:33:12 +0200] "GET / HTTP/1.1" 500 632
::1 - - [13/Nov/2025:14:33:12 +0200] "GET /favicon.ico HTTP/1.1" 500 632
::1 - - [13/Nov/2025:14:33:12 +0200] "GET / HTTP/1.1" 500 632
::1 - - [13/Nov/2025:14:33:12 +0200] "GET /favicon.ico HTTP/1.1" 500 632
::1 - - [13/Nov/2025:14:33:31 +0200] "GET / HTTP/1.1" 500 632
::1 - - [13/Nov/2025:14:33:31 +0200] "GET /favicon.ico HTTP/1.1" 500 632
::1 - - [13/Nov/2025:14:33:31 +0200] "GET / HTTP/1.1" 500 632
::1 - - [13/Nov/2025:14:33:31 +0200] "GET /favicon.ico HTTP/1.1" 500 632
::1 - - [13/Nov/2025:14:33:31 +0200] "GET / HTTP/1.1" 500 632
::1 - - [13/Nov/2025:14:33:31 +0200] "GET /favicon.ico HTTP/1.1" 500 632
::1 - - [13/Nov/2025:14:33:32 +0200] "GET / HTTP/1.1" 500 632
::1 - - [13/Nov/2025:14:33:32 +0200] "GET /favicon.ico HTTP/1.1" 500 632
::1 - - [13/Nov/2025:14:33:32 +0200] "GET / HTTP/1.1" 500 632
::1 - - [13/Nov/2025:14:33:32 +0200] "GET /favicon.ico HTTP/1.1" 500 632
::1 - - [13/Nov/2025:14:33:44 +0200] "GET / HTTP/1.1" 500 632
::1 - - [13/Nov/2025:14:33:44 +0200] "GET /favicon.ico HTTP/1.1" 500 632
::1 - - [13/Nov/2025:14:33:44 +0200] "GET / HTTP/1.1" 500 632
::1 - - [13/Nov/2025:14:33:44 +0200] "GET /favicon.ico HTTP/1.1" 500 632
::1 - - [13/Nov/2025:14:33:44 +0200] "GET / HTTP/1.1" 500 632
::1 - - [13/Nov/2025:14:33:44 +0200] "GET /favicon.ico HTTP/1.1" 500 632
::1 - - [13/Nov/2025:14:33:44 +0200] "GET / HTTP/1.1" 500 632
::1 - - [13/Nov/2025:14:33:44 +0200] "GET /favicon.ico HTTP/1.1" 500 632
::1 - - [13/Nov/2025:14:33:57 +0200] "GET / HTTP/1.1" 500 632
::1 - - [13/Nov/2025:14:33:57 +0200] "GET /favicon.ico HTTP/1.1" 500 632
::1 - - [13/Nov/2025:14:35:24 +0200] "GET / HTTP/1.1" 500 632
::1 - - [13/Nov/2025:14:35:24 +0200] "GET /favicon.ico HTTP/1.1" 500 632
::1 - - [13/Nov/2025:14:36:19 +0200] "GET / HTTP/1.1" 500 632
::1 - - [13/Nov/2025:14:36:19 +0200] "GET /favicon.ico HTTP/1.1" 500 632
::1 - - [13/Nov/2025:14:36:19 +0200] "GET / HTTP/1.1" 500 632
::1 - - [13/Nov/2025:14:36:19 +0200] "GET /favicon.ico HTTP/1.1" 500 632
::1 - - [13/Nov/2025:14:37:35 +0200] "GET / HTTP/1.1" 200 1200
::1 - - [13/Nov/2025:14:37:36 +0200] "GET /Python.png HTTP/1.1" 200 1102
::1 - - [13/Nov/2025:14:38:10 +0200] "GET /?x=10&y=20 HTTP/1.1" 200 1218
::1 - - [13/Nov/2025:14:38:10 +0200] "GET /Python.png HTTP/1.1" 200 1112
::1 - - [13/Nov/2025:14:43:10 +0200] "-" 408 -
::1 - - [13/Nov/2025:14:43:32 +0200] "GET /?x=10&y==20&json HTTP/1.1" 500 632
::1 - - [13/Nov/2025:14:43:32 +0200] "GET /favicon.ico HTTP/1.1" 200 1119
::1 - - [13/Nov/2025:14:43:39 +0200] "GET /?x=10&y==20&json HTTP/1.1" 200 1289
::1 - - [13/Nov/2025:14:43:39 +0200] "GET /Python.png HTTP/1.1" 200 1118
::1 - - [13/Nov/2025:14:48:04 +0200] "GET /?x=10&y==20&json HTTP/1.1" 403 -
::1 - - [13/Nov/2025:14:48:44 +0200] "GET /?x=10&y==20&json HTTP/1.1" 200 1289
::1 - - [13/Nov/2025:14:48:44 +0200] "GET /Python.png HTTP/1.1" 200 1118
::1 - - [13/Nov/2025:15:02:43 +0200] "GET /?x=10&y==20&json HTTP/1.1" 200 1320
::1 - - [13/Nov/2025:15:02:44 +0200] "GET /Python.png HTTP/1.1" 200 1149
::1 - - [13/Nov/2025:15:02:44 +0200] "GET /Python.png HTTP/1.1" 200 1149
::1 - - [13/Nov/2025:15:02:44 +0200] "GET /?x=10&y==20&json HTTP/1.1" 200 1320
::1 - - [13/Nov/2025:15:02:44 +0200] "GET /Python.png HTTP/1.1" 200 1149
::1 - - [13/Nov/2025:15:02:44 +0200] "GET /Python.png HTTP/1.1" 200 1149
::1 - - [13/Nov/2025:15:03:13 +0200] "GET /?x=10&y==20&json HTTP/1.1" 200 1332
::1 - - [13/Nov/2025:15:03:13 +0200] "GET /Python.png HTTP/1.1" 200 1161
::1 - - [13/Nov/2025:15:03:13 +0200] "GET /Python.png HTTP/1.1" 200 1161
::1 - - [13/Nov/2025:15:03:13 +0200] "GET /?x=10&y==20&json HTTP/1.1" 200 1332
::1 - - [13/Nov/2025:15:03:13 +0200] "GET /Python.png HTTP/1.1" 200 1161
::1 - - [13/Nov/2025:15:03:14 +0200] "GET /Python.png HTTP/1.1" 200 1161
::1 - - [13/Nov/2025:15:10:15 +0200] "GET /?x=10&y==20&json HTTP/1.1" 200 1333
::1 - - [13/Nov/2025:15:10:15 +0200] "GET /Python.png HTTP/1.1" 200 1204
::1 - - [13/Nov/2025:15:10:15 +0200] "GET /Python.png HTTP/1.1" 200 1204
::1 - - [13/Nov/2025:15:10:16 +0200] "GET /?x=10&y==20&json HTTP/1.1" 200 1333
::1 - - [13/Nov/2025:15:10:16 +0200] "GET /Python.png HTTP/1.1" 200 1204
::1 - - [13/Nov/2025:15:10:16 +0200] "GET /Python.png HTTP/1.1" 200 1204
::1 - - [13/Nov/2025:15:10:16 +0200] "GET /?x=10&y==20&json HTTP/1.1" 200 1333
::1 - - [13/Nov/2025:15:10:16 +0200] "GET /Python.png HTTP/1.1" 200 1204
::1 - - [13/Nov/2025:15:10:16 +0200] "GET /Python.png HTTP/1.1" 200 1204
::1 - - [13/Nov/2025:15:11:02 +0200] "GET /?x=10&y==20&json HTTP/1.1" 200 1333
::1 - - [13/Nov/2025:15:11:02 +0200] "GET /Python.png HTTP/1.1" 200 1204
::1 - - [13/Nov/2025:15:11:02 +0200] "GET /Python.png HTTP/1.1" 200 1204
::1 - - [13/Nov/2025:15:11:02 +0200] "GET /?x=10&y==20&json HTTP/1.1" 200 1333
::1 - - [13/Nov/2025:15:11:02 +0200] "GET /Python.png HTTP/1.1" 200 1204
::1 - - [13/Nov/2025:15:11:02 +0200] "GET /Python.png HTTP/1.1" 200 1204
::1 - - [13/Nov/2025:15:11:03 +0200] "GET /?x=10&y==20&json HTTP/1.1" 200 1333
::1 - - [13/Nov/2025:15:11:03 +0200] "GET /Python.png HTTP/1.1" 200 1204
::1 - - [13/Nov/2025:15:11:03 +0200] "GET /Python.png HTTP/1.1" 200 1204
::1 - - [13/Nov/2025:15:11:41 +0200] "GET /?x=10&y==20&json HTTP/1.1" 200 1333
::1 - - [13/Nov/2025:15:11:41 +0200] "GET /Python.png HTTP/1.1" 200 1204
::1 - - [13/Nov/2025:15:11:41 +0200] "GET /Python.png HTTP/1.1" 200 1204
::1 - - [13/Nov/2025:15:11:41 +0200] "GET /?x=10&y==20&json HTTP/1.1" 200 1333
::1 - - [13/Nov/2025:15:11:41 +0200] "GET /Python.png HTTP/1.1" 200 1204
::1 - - [13/Nov/2025:15:11:41 +0200] "GET /Python.png HTTP/1.1" 200 1204
::1 - - [13/Nov/2025:15:11:42 +0200] "GET /?x=10&y==20&json HTTP/1.1" 200 1333
::1 - - [13/Nov/2025:15:11:42 +0200] "GET /Python.png HTTP/1.1" 200 1204
::1 - - [13/Nov/2025:15:11:42 +0200] "GET /Python.png HTTP/1.1" 200 1204
::1 - - [13/Nov/2025:15:13:02 +0200] "GET /?x=10&y==20&json HTTP/1.1" 200 1332
::1 - - [13/Nov/2025:15:13:02 +0200] "GET /Python.png HTTP/1.1" 200 1203
::1 - - [13/Nov/2025:15:13:02 +0200] "GET /Python.png HTTP/1.1" 200 1203
::1 - - [13/Nov/2025:15:13:02 +0200] "GET /?x=10&y==20&json HTTP/1.1" 200 1332
::1 - - [13/Nov/2025:15:13:02 +0200] "GET /Python.png HTTP/1.1" 200 1203
::1 - - [13/Nov/2025:15:13:02 +0200] "GET /Python.png HTTP/1.1" 200 1203
::1 - - [13/Nov/2025:15:13:02 +0200] "GET /?x=10&y==20&json HTTP/1.1" 200 1332
::1 - - [13/Nov/2025:15:13:02 +0200] "GET /Python.png HTTP/1.1" 200 1203
::1 - - [13/Nov/2025:15:13:02 +0200] "GET /Python.png HTTP/1.1" 200 1203
::1 - - [13/Nov/2025:15:13:02 +0200] "GET /?x=10&y==20&json HTTP/1.1" 200 1332
::1 - - [13/Nov/2025:15:13:03 +0200] "GET /Python.png HTTP/1.1" 200 1203
::1 - - [13/Nov/2025:15:13:03 +0200] "GET /Python.png HTTP/1.1" 200 1203
::1 - - [13/Nov/2025:15:19:04 +0200] "GET /?x=10&y==20&json HTTP/1.1" 200 1333
::1 - - [13/Nov/2025:15:19:04 +0200] "GET /Python.png HTTP/1.1" 200 -
::1 - - [13/Nov/2025:15:19:04 +0200] "GET /Python.png HTTP/1.1" 200 -
::1 - - [13/Nov/2025:15:19:04 +0200] "GET /?x=10&y==20&json HTTP/1.1" 200 1333
::1 - - [13/Nov/2025:15:19:04 +0200] "GET /Python.png HTTP/1.1" 200 -
::1 - - [13/Nov/2025:15:19:04 +0200] "GET /Python.png HTTP/1.1" 200 -
::1 - - [13/Nov/2025:15:19:04 +0200] "GET /?x=10&y==20&json HTTP/1.1" 200 1333
::1 - - [13/Nov/2025:15:19:04 +0200] "GET /Python.png HTTP/1.1" 200 -
::1 - - [13/Nov/2025:15:19:05 +0200] "GET /Python.png HTTP/1.1" 200 -
::1 - - [13/Nov/2025:15:19:05 +0200] "GET /?x=10&y==20&json HTTP/1.1" 200 1333
::1 - - [13/Nov/2025:15:19:05 +0200] "GET /Python.png HTTP/1.1" 200 -
::1 - - [13/Nov/2025:15:19:05 +0200] "GET /Python.png HTTP/1.1" 200 -
::1 - - [13/Nov/2025:15:19:35 +0200] "GET /Python.png HTTP/1.1" 200 -
::1 - - [13/Nov/2025:15:19:35 +0200] "GET /favicon.ico HTTP/1.1" 200 1257
::1 - - [13/Nov/2025:15:20:19 +0200] "GET /?x=10&y==20&json HTTP/1.1" 200 1360
::1 - - [13/Nov/2025:15:20:19 +0200] "GET /Python.png HTTP/1.1" 200 -
::1 - - [13/Nov/2025:15:20:19 +0200] "GET /Python.png HTTP/1.1" 200 -
::1 - - [13/Nov/2025:15:20:19 +0200] "GET /?x=10&y==20&json HTTP/1.1" 200 1360
::1 - - [13/Nov/2025:15:20:20 +0200] "GET /Python.png HTTP/1.1" 200 -
::1 - - [13/Nov/2025:15:20:20 +0200] "GET /Python.png HTTP/1.1" 200 -
::1 - - [13/Nov/2025:15:20:20 +0200] "GET /?x=10&y==20&json HTTP/1.1" 200 1360
::1 - - [13/Nov/2025:15:20:20 +0200] "GET /Python.png HTTP/1.1" 200 -
::1 - - [13/Nov/2025:15:20:20 +0200] "GET /Python.png HTTP/1.1" 200 -
::1 - - [13/Nov/2025:15:20:58 +0200] "GET /?x=10&y==20&json HTTP/1.1" 200 1333
::1 - - [13/Nov/2025:15:20:58 +0200] "GET /Python.png HTTP/1.1" 200 -
::1 - - [13/Nov/2025:15:20:59 +0200] "GET /Python.png HTTP/1.1" 200 -
::1 - - [13/Nov/2025:15:20:59 +0200] "GET /?x=10&y==20&json HTTP/1.1" 200 1333
::1 - - [13/Nov/2025:15:20:59 +0200] "GET /Python.png HTTP/1.1" 200 -
::1 - - [13/Nov/2025:15:20:59 +0200] "GET /Python.png HTTP/1.1" 200 -
::1 - - [13/Nov/2025:15:22:31 +0200] "GET /?x=10&y==20&json HTTP/1.1" 200 1335
::1 - - [13/Nov/2025:15:22:31 +0200] "GET /Python.png HTTP/1.1" 200 -
::1 - - [13/Nov/2025:15:22:31 +0200] "GET /Python.png HTTP/1.1" 200 -
::1 - - [13/Nov/2025:15:22:31 +0200] "GET /?x=10&y==20&json HTTP/1.1" 200 1335
::1 - - [13/Nov/2025:15:22:31 +0200] "GET /Python.png HTTP/1.1" 200 -
::1 - - [13/Nov/2025:15:22:31 +0200] "GET /Python.png HTTP/1.1" 200 -
::1 - - [13/Nov/2025:15:22:32 +0200] "GET /?x=10&y==20&json HTTP/1.1" 200 1335
::1 - - [13/Nov/2025:15:22:32 +0200] "GET /Python.png HTTP/1.1" 200 -
::1 - - [13/Nov/2025:15:22:32 +0200] "GET /?x=10&y==20&json HTTP/1.1" 200 1335
::1 - - [13/Nov/2025:15:22:32 +0200] "GET /Python.png HTTP/1.1" 200 -
::1 - - [13/Nov/2025:15:22:32 +0200] "GET /Python.png HTTP/1.1" 200 -
::1 - - [13/Nov/2025:15:22:32 +0200] "GET /Python.png HTTP/1.1" 200 -
::1 - - [13/Nov/2025:15:22:36 +0200] "GET /?x=10&y==20&json HTTP/1.1" 200 1335
::1 - - [13/Nov/2025:15:22:36 +0200] "GET /Python.png HTTP/1.1" 200 -
::1 - - [13/Nov/2025:15:22:37 +0200] "GET /Python.png HTTP/1.1" 200 -
::1 - - [13/Nov/2025:15:22:37 +0200] "GET /?x=10&y==20&json HTTP/1.1" 200 1335
::1 - - [13/Nov/2025:15:22:37 +0200] "GET /Python.png HTTP/1.1" 200 -
::1 - - [13/Nov/2025:15:22:37 +0200] "GET /Python.png HTTP/1.1" 200 -
::1 - - [13/Nov/2025:15:22:37 +0200] "GET /?x=10&y==20&json HTTP/1.1" 200 1335
::1 - - [13/Nov/2025:15:22:37 +0200] "GET /Python.png HTTP/1.1" 200 -
::1 - - [13/Nov/2025:15:22:37 +0200] "GET /Python.png HTTP/1.1" 200 -
::1 - - [13/Nov/2025:15:22:56 +0200] "GET /?x=10&y==20&json HTTP/1.1" 200 1335
::1 - - [13/Nov/2025:15:22:56 +0200] "GET /Python.png HTTP/1.1" 200 -
::1 - - [13/Nov/2025:15:22:57 +0200] "GET /Python.png HTTP/1.1" 200 -
::1 - - [13/Nov/2025:15:22:57 +0200] "GET /?x=10&y==20&json HTTP/1.1" 200 1335
::1 - - [13/Nov/2025:15:22:57 +0200] "GET /Python.png HTTP/1.1" 200 -
::1 - - [13/Nov/2025:15:22:57 +0200] "GET /Python.png HTTP/1.1" 200 -
::1 - - [13/Nov/2025:15:22:57 +0200] "GET /?x=10&y==20&json HTTP/1.1" 200 1335
::1 - - [13/Nov/2025:15:22:57 +0200] "GET /Python.png HTTP/1.1" 200 -
::1 - - [13/Nov/2025:15:22:57 +0200] "GET /Python.png HTTP/1.1" 200 -
::1 - - [13/Nov/2025:15:22:57 +0200] "GET /?x=10&y==20&json HTTP/1.1" 200 1335
::1 - - [13/Nov/2025:15:22:57 +0200] "GET /Python.png HTTP/1.1" 200 -
::1 - - [13/Nov/2025:15:22:57 +0200] "GET /Python.png HTTP/1.1" 200 -
::1 - - [13/Nov/2025:15:22:58 +0200] "GET /?x=10&y==20&json HTTP/1.1" 200 1335
::1 - - [13/Nov/2025:15:22:58 +0200] "GET /Python.png HTTP/1.1" 200 -
::1 - - [13/Nov/2025:15:22:58 +0200] "GET /Python.png HTTP/1.1" 200 -
::1 - - [13/Nov/2025:15:25:32 +0200] "GET /?x=10&y==20&json HTTP/1.1" 200 1335
::1 - - [13/Nov/2025:15:25:32 +0200] "GET /Python.png HTTP/1.1" 200 1164
::1 - - [13/Nov/2025:15:25:32 +0200] "GET /Python.png HTTP/1.1" 200 1164
::1 - - [13/Nov/2025:15:25:33 +0200] "GET /?x=10&y==20&json HTTP/1.1" 200 1335
::1 - - [13/Nov/2025:15:25:33 +0200] "GET /Python.png HTTP/1.1" 200 1164
::1 - - [13/Nov/2025:15:25:33 +0200] "GET /Python.png HTTP/1.1" 200 1164
::1 - - [13/Nov/2025:15:26:29 +0200] "GET /User/Login/123?x=10 HTTP/1.1" 200 1251
::1 - - [13/Nov/2025:15:26:29 +0200] "GET /Python.png HTTP/1.1" 200 1167
::1 - - [13/Nov/2025:15:26:29 +0200] "GET /User/Login/Python.png HTTP/1.1" 200 1178
::1 - - [13/Nov/2025:15:30:56 +0200] "GET /User/Login/123?x=10 HTTP/1.1" 200 1360
::1 - - [13/Nov/2025:15:30:56 +0200] "GET /Python.png HTTP/1.1" 500 632
::1 - - [13/Nov/2025:15:30:56 +0200] "GET /User/Login/Python.png HTTP/1.1" 200 1258
::1 - - [13/Nov/2025:15:32:48 +0200] "GET /User/Login/123?x=10 HTTP/1.1" 200 1360
::1 - - [13/Nov/2025:15:32:48 +0200] "GET /Python.png HTTP/1.1" 200 1247
::1 - - [13/Nov/2025:15:32:48 +0200] "GET /User/Login/Python.png HTTP/1.1" 200 1258
::1 - - [13/Nov/2025:15:32:48 +0200] "GET /User/Login/123?x=10 HTTP/1.1" 200 1360
::1 - - [13/Nov/2025:15:32:49 +0200] "GET /Python.png HTTP/1.1" 200 1247
::1 - - [13/Nov/2025:15:32:49 +0200] "GET /User/Login/Python.png HTTP/1.1" 200 1258
::1 - - [13/Nov/2025:15:32:57 +0200] "GET /User/Login/123?x=10 HTTP/1.1" 200 1360
::1 - - [13/Nov/2025:15:32:57 +0200] "GET /Python.png HTTP/1.1" 200 1247
::1 - - [13/Nov/2025:15:32:57 +0200] "GET /User/Login/Python.png HTTP/1.1" 200 1258
::1 - - [13/Nov/2025:15:32:58 +0200] "GET /User/Login/123?x=10 HTTP/1.1" 200 1360
::1 - - [13/Nov/2025:15:32:58 +0200] "GET /Python.png HTTP/1.1" 200 1247
::1 - - [13/Nov/2025:15:32:58 +0200] "GET /User/Login/Python.png HTTP/1.1" 200 1258
::1 - - [13/Nov/2025:15:32:58 +0200] "GET /User/Login/123?x=10 HTTP/1.1" 200 1360
::1 - - [13/Nov/2025:15:32:58 +0200] "GET /Python.png HTTP/1.1" 200 1247
::1 - - [13/Nov/2025:15:32:58 +0200] "GET /User/Login/Python.png HTTP/1.1" 200 1258
::1 - - [13/Nov/2025:15:33:43 +0200] "GET /User/Login/123?x=10 HTTP/1.1" 200 1360
::1 - - [13/Nov/2025:15:33:43 +0200] "GET /Python.png HTTP/1.1" 200 1247
::1 - - [13/Nov/2025:15:33:43 +0200] "GET /User/Login/Python.png HTTP/1.1" 200 1258
::1 - - [13/Nov/2025:15:33:43 +0200] "GET /User/Login/123?x=10 HTTP/1.1" 200 1360
::1 - - [13/Nov/2025:15:33:43 +0200] "GET /Python.png HTTP/1.1" 200 1247
::1 - - [13/Nov/2025:15:33:43 +0200] "GET /User/Login/Python.png HTTP/1.1" 200 1258
::1 - - [13/Nov/2025:15:35:44 +0200] "GET /User/Login/123?x=10 HTTP/1.1" 200 1360
::1 - - [13/Nov/2025:15:35:45 +0200] "GET /Python.png HTTP/1.1" 200 1247
::1 - - [13/Nov/2025:15:35:45 +0200] "GET /User/Login/Python.png HTTP/1.1" 200 1258
::1 - - [13/Nov/2025:15:39:08 +0200] "GET /User/Login/123/456 HTTP/1.1" 200 1305
::1 - - [13/Nov/2025:15:39:09 +0200] "GET /Python.png HTTP/1.1" 200 1246
::1 - - [13/Nov/2025:15:39:09 +0200] "GET /User/Login/123/Python.png HTTP/1.1" 200 1265
::1 - - [13/Nov/2025:15:39:42 +0200] "GET /Python.png HTTP/1.1" 200 1336
::1 - - [13/Nov/2025:15:39:42 +0200] "GET /Python.png HTTP/1.1" 200 1238
::1 - - [13/Nov/2025:15:39:42 +0200] "GET /Python.png HTTP/1.1" 200 1238
::1 - - [13/Nov/2025:15:39:42 +0200] "GET /Python.png HTTP/1.1" 200 1336
::1 - - [13/Nov/2025:15:39:43 +0200] "GET /Python.png HTTP/1.1" 200 1238
::1 - - [13/Nov/2025:15:39:43 +0200] "GET /Python.png HTTP/1.1" 200 1238
::1 - - [13/Nov/2025:15:39:44 +0200] "GET /Python.png HTTP/1.1" 200 1336
::1 - - [13/Nov/2025:15:39:44 +0200] "GET /Python.png HTTP/1.1" 200 1238
::1 - - [13/Nov/2025:15:39:44 +0200] "GET /Python.png HTTP/1.1" 200 1238
::1 - - [13/Nov/2025:15:39:45 +0200] "GET /Python.png HTTP/1.1" 200 1336
::1 - - [13/Nov/2025:15:39:45 +0200] "GET /Python.png HTTP/1.1" 200 1238
::1 - - [13/Nov/2025:15:39:45 +0200] "GET /Python.png HTTP/1.1" 200 1238
::1 - - [13/Nov/2025:15:52:54 +0200] "GET /User/Login/123/456 HTTP/1.1" 500 632
::1 - - [13/Nov/2025:15:52:54 +0200] "GET /favicon.ico HTTP/1.1" 500 632
::1 - - [13/Nov/2025:15:52:55 +0200] "GET /User/Login/123/456 HTTP/1.1" 500 632
::1 - - [13/Nov/2025:15:52:55 +0200] "GET /favicon.ico HTTP/1.1" 500 632
::1 - - [13/Nov/2025:15:53:02 +0200] "GET /User/Login/123/456 HTTP/1.1" 500 632
::1 - - [13/Nov/2025:15:53:03 +0200] "GET /favicon.ico HTTP/1.1" 500 632
::1 - - [13/Nov/2025:15:53:03 +0200] "GET /User/Login/123/456 HTTP/1.1" 500 632
::1 - - [13/Nov/2025:15:53:03 +0200] "GET /favicon.ico HTTP/1.1" 500 632
::1 - - [13/Nov/2025:15:53:03 +0200] "GET /User/Login/123/456 HTTP/1.1" 500 632
::1 - - [13/Nov/2025:15:53:03 +0200] "GET /favicon.ico HTTP/1.1" 500 632
::1 - - [13/Nov/2025:15:53:03 +0200] "GET /User/Login/123/456 HTTP/1.1" 500 632
::1 - - [13/Nov/2025:15:53:03 +0200] "GET /favicon.ico HTTP/1.1" 500 632
::1 - - [13/Nov/2025:15:53:04 +0200] "GET /User/Login/123/456 HTTP/1.1" 500 632
::1 - - [13/Nov/2025:15:53:04 +0200] "GET /favicon.ico HTTP/1.1" 500 632
::1 - - [13/Nov/2025:15:53:38 +0200] "GET /User/Login/123/456 HTTP/1.1" 500 632
::1 - - [13/Nov/2025:15:53:38 +0200] "GET /favicon.ico HTTP/1.1" 500 632
::1 - - [13/Nov/2025:15:53:39 +0200] "GET /User/Login/123/456 HTTP/1.1" 500 632
::1 - - [13/Nov/2025:15:53:39 +0200] "GET /favicon.ico HTTP/1.1" 500 632
::1 - - [13/Nov/2025:15:53:39 +0200] "GET /User/Login/123/456 HTTP/1.1" 500 632
::1 - - [13/Nov/2025:15:53:39 +0200] "GET /favicon.ico HTTP/1.1" 500 632
::1 - - [13/Nov/2025:15:53:39 +0200] "GET /User/Login/123/456 HTTP/1.1" 500 632
::1 - - [13/Nov/2025:15:53:39 +0200] "GET /favicon.ico HTTP/1.1" 500 632
::1 - - [13/Nov/2025:15:53:50 +0200] "GET /User/Login/123/456 HTTP/1.1" 500 632
::1 - - [13/Nov/2025:15:53:50 +0200] "GET /favicon.ico HTTP/1.1" 500 632
::1 - - [13/Nov/2025:15:53:50 +0200] "GET /User/Login/123/456 HTTP/1.1" 500 632
::1 - - [13/Nov/2025:15:53:51 +0200] "GET /favicon.ico HTTP/1.1" 500 632
::1 - - [13/Nov/2025:15:53:55 +0200] "GET /User/Login/123 HTTP/1.1" 500 632
::1 - - [13/Nov/2025:15:53:55 +0200] "GET /favicon.ico HTTP/1.1" 500 632
::1 - - [13/Nov/2025:15:55:12 +0200] "GET /User/Login/123 HTTP/1.1" 200 1415
::1 - - [13/Nov/2025:15:55:12 +0200] "GET /User/Login/Python.png HTTP/1.1" 200 1335
::1 - - [13/Nov/2025:15:55:44 +0200] "GET /User/Login/123 HTTP/1.1" 200 1395
::1 - - [13/Nov/2025:15:55:44 +0200] "GET /User/Login/Python.png HTTP/1.1" 200 1315
::1 - - [13/Nov/2025:15:55:45 +0200] "GET /User/Login/123 HTTP/1.1" 200 1395
::1 - - [13/Nov/2025:15:55:45 +0200] "GET /User/Login/Python.png HTTP/1.1" 200 1315
::1 - - [13/Nov/2025:15:55:45 +0200] "GET /User/Login/123 HTTP/1.1" 200 1395
::1 - - [13/Nov/2025:15:55:45 +0200] "GET /User/Login/Python.png HTTP/1.1" 200 1315
::1 - - [13/Nov/2025:15:56:22 +0200] "GET /User/Login/123 HTTP/1.1" 500 632
::1 - - [13/Nov/2025:15:56:22 +0200] "GET /favicon.ico HTTP/1.1" 500 632
::1 - - [13/Nov/2025:15:56:23 +0200] "GET /User/Login/123 HTTP/1.1" 500 632
::1 - - [13/Nov/2025:15:56:23 +0200] "GET /favicon.ico HTTP/1.1" 500 632
::1 - - [13/Nov/2025:15:56:29 +0200] "GET /User/Login/123 HTTP/1.1" 200 1395
::1 - - [13/Nov/2025:15:56:29 +0200] "GET /User/Login/Python.png HTTP/1.1" 200 1315
::1 - - [13/Nov/2025:15:56:30 +0200] "GET /User/Login/123 HTTP/1.1" 200 1395
::1 - - [13/Nov/2025:15:56:30 +0200] "GET /User/Login/Python.png HTTP/1.1" 200 1315
::1 - - [13/Nov/2025:15:57:47 +0200] "GET /User/Login/123 HTTP/1.1" 200 1326
::1 - - [13/Nov/2025:15:57:47 +0200] "GET /User/Login/Python.png HTTP/1.1" 200 1246
::1 - - [13/Nov/2025:15:57:59 +0200] "GET /Home/Login/123 HTTP/1.1" 200 1290
::1 - - [13/Nov/2025:15:57:59 +0200] "GET /Home/Login/Python.png HTTP/1.1" 200 1246
::1 - - [13/Nov/2025:16:02:22 +0200] "GET /Home/Login/123 HTTP/1.1" 500 632
::1 - - [13/Nov/2025:16:02:22 +0200] "GET /favicon.ico HTTP/1.1" 500 632
::1 - - [13/Nov/2025:16:02:23 +0200] "GET /Home/Login/123 HTTP/1.1" 500 632
::1 - - [13/Nov/2025:16:02:23 +0200] "GET /favicon.ico HTTP/1.1" 500 632
::1 - - [13/Nov/2025:16:02:39 +0200] "GET /Home/Login/123 HTTP/1.1" 500 632
::1 - - [13/Nov/2025:16:02:39 +0200] "GET /favicon.ico HTTP/1.1" 500 632
::1 - - [13/Nov/2025:16:02:44 +0200] "GET /Home/Login/123 HTTP/1.1" 200 1359
::1 - - [13/Nov/2025:16:02:44 +0200] "GET /Home/Login/Python.png HTTP/1.1" 200 1279
::1 - - [13/Nov/2025:16:02:53 +0200] "GET /Home/Login/123 HTTP/1.1" 200 1364
::1 - - [13/Nov/2025:16:02:54 +0200] "GET /Home/Login/Python.png HTTP/1.1" 200 1284
::1 - - [13/Nov/2025:16:03:00 +0200] "GET /Home/Login/123 HTTP/1.1" 200 1328
::1 - - [13/Nov/2025:16:03:00 +0200] "GET /Home/Login/Python.png HTTP/1.1" 200 1284
::1 - - [13/Nov/2025:16:03:07 +0200] "GET /student/Login/123 HTTP/1.1" 200 1340
::1 - - [13/Nov/2025:16:03:07 +0200] "GET /student/Login/Python.png HTTP/1.1" 200 1299
::1 - - [13/Nov/2025:16:03:14 +0200] "GET /home/Login/123 HTTP/1.1" 200 1328
::1 - - [13/Nov/2025:16:03:14 +0200] "GET /home/Login/Python.png HTTP/1.1" 200 1284
::1 - - [13/Nov/2025:16:07:19 +0200] "GET /home/Login/123 HTTP/1.1" 500 632
::1 - - [13/Nov/2025:16:07:19 +0200] "GET /favicon.ico HTTP/1.1" 500 632
::1 - - [13/Nov/2025:16:07:20 +0200] "GET /home/Login/123 HTTP/1.1" 500 632
::1 - - [13/Nov/2025:16:07:20 +0200] "GET /favicon.ico HTTP/1.1" 500 632
::1 - - [13/Nov/2025:16:07:30 +0200] "GET /home/Login/123 HTTP/1.1" 500 632
::1 - - [13/Nov/2025:16:07:30 +0200] "GET /favicon.ico HTTP/1.1" 500 632
::1 - - [13/Nov/2025:16:07:31 +0200] "GET /home/Login/123 HTTP/1.1" 500 632
::1 - - [13/Nov/2025:16:07:31 +0200] "GET /favicon.ico HTTP/1.1" 500 632
::1 - - [13/Nov/2025:16:07:42 +0200] "GET /home/Login/123/get HTTP/1.1" 500 632
::1 - - [13/Nov/2025:16:07:42 +0200] "GET /favicon.ico HTTP/1.1" 500 632
::1 - - [13/Nov/2025:16:07:45 +0200] "GET /home/Login/123/POST HTTP/1.1" 500 632
::1 - - [13/Nov/2025:16:07:45 +0200] "GET /favicon.ico HTTP/1.1" 500 632
::1 - - [13/Nov/2025:16:08:04 +0200] "GET /get HTTP/1.1" 500 632
::1 - - [13/Nov/2025:16:08:04 +0200] "GET /favicon.ico HTTP/1.1" 500 632
::1 - - [13/Nov/2025:16:08:30 +0200] "GET /home/Login/123/POST HTTP/1.1" 500 632
::1 - - [13/Nov/2025:16:08:30 +0200] "GET /favicon.ico HTTP/1.1" 500 632
::1 - - [13/Nov/2025:16:08:58 +0200] "GET /home/Login/123/POST HTTP/1.1" 200 1397
::1 - - [13/Nov/2025:16:08:58 +0200] "GET /home/Login/123/Python.png HTTP/1.1" 200 1320
::1 - - [13/Nov/2025:16:08:59 +0200] "GET /home/Login/123/POST HTTP/1.1" 200 1397
::1 - - [13/Nov/2025:16:09:00 +0200] "GET /home/Login/123/Python.png HTTP/1.1" 200 1320
::1 - - [13/Nov/2025:16:09:06 +0200] "GET /home/Login/123/get HTTP/1.1" 200 1359
::1 - - [13/Nov/2025:16:09:06 +0200] "GET /home/Login/123/Python.png HTTP/1.1" 200 1319
::1 - - [13/Nov/2025:16:09:49 +0200] "GET /home/Login/123/get HTTP/1.1" 200 1395
::1 - - [13/Nov/2025:16:09:49 +0200] "GET /home/Login/123/Python.png HTTP/1.1" 200 1319
::1 - - [13/Nov/2025:16:09:50 +0200] "GET /home/Login/123/get HTTP/1.1" 200 1395
::1 - - [13/Nov/2025:16:09:50 +0200] "GET /home/Login/123/Python.png HTTP/1.1" 200 1319
::1 - - [13/Nov/2025:16:10:24 +0200] "GET /home/Login/123/get HTTP/1.1" 200 1401
::1 - - [13/Nov/2025:16:10:24 +0200] "GET /home/Login/123/Python.png HTTP/1.1" 200 1318
::1 - - [13/Nov/2025:16:12:12 +0200] "GET /home/Login/123/get HTTP/1.1" 200 1401
::1 - - [13/Nov/2025:16:12:13 +0200] "GET /home/Login/123/Python.png HTTP/1.1" 200 1318
::1 - - [13/Nov/2025:16:12:13 +0200] "GET /home/Login/123/get HTTP/1.1" 200 1401
::1 - - [13/Nov/2025:16:12:13 +0200] "GET /home/Login/123/Python.png HTTP/1.1" 200 1318
::1 - - [13/Nov/2025:16:12:14 +0200] "GET /home/Login/123/get HTTP/1.1" 200 1401
::1 - - [13/Nov/2025:16:12:14 +0200] "GET /home/Login/123/Python.png HTTP/1.1" 200 1318
::1 - - [14/Nov/2025:10:44:44 +0200] "GET / HTTP/1.1" 200 1375
::1 - - [14/Nov/2025:10:44:45 +0200] "GET /Python.png HTTP/1.1" 200 1319
::1 - - [14/Nov/2025:10:44:59 +0200] "GET /uk-UA/user/register/123 HTTP/1.1" 500 632
::1 - - [14/Nov/2025:10:45:00 +0200] "GET /favicon.ico HTTP/1.1" 200 1344
::1 - - [14/Nov/2025:10:45:17 +0200] "GET /uk-UA/user/register/123 HTTP/1.1" 200 1437
::1 - - [14/Nov/2025:10:45:17 +0200] "GET /uk-UA/user/register/Python.png HTTP/1.1" 200 1366
::1 - - [14/Nov/2025:10:45:18 +0200] "GET /uk-UA/user/register/123 HTTP/1.1" 200 1437
::1 - - [14/Nov/2025:10:45:18 +0200] "GET /uk-UA/user/register/Python.png HTTP/1.1" 200 1366
::1 - - [14/Nov/2025:10:45:18 +0200] "GET /uk-UA/user/register/123 HTTP/1.1" 200 1437
::1 - - [14/Nov/2025:10:45:18 +0200] "GET /uk-UA/user/register/Python.png HTTP/1.1" 200 1366
::1 - - [14/Nov/2025:10:46:13 +0200] "GET /uk-UA/user/register/123 HTTP/1.1" 200 1431
::1 - - [14/Nov/2025:10:46:13 +0200] "GET /uk-UA/user/register/Python.png HTTP/1.1" 200 1360
::1 - - [14/Nov/2025:10:47:49 +0200] "GET /uk-UA/user/register/123 HTTP/1.1" 200 1457
::1 - - [14/Nov/2025:10:47:49 +0200] "GET /uk-UA/user/register/Python.png HTTP/1.1" 200 1386
::1 - - [14/Nov/2025:10:47:50 +0200] "GET /uk-UA/user/register/123 HTTP/1.1" 200 1457
::1 - - [14/Nov/2025:10:47:50 +0200] "GET /uk-UA/user/register/Python.png HTTP/1.1" 200 1386
::1 - - [14/Nov/2025:10:47:50 +0200] "GET /uk-UA/user/register/123 HTTP/1.1" 200 1457
::1 - - [14/Nov/2025:10:47:51 +0200] "GET /uk-UA/user/register/Python.png HTTP/1.1" 200 1386
::1 - - [14/Nov/2025:10:47:51 +0200] "GET /uk-UA/user/register/123 HTTP/1.1" 200 1457
::1 - - [14/Nov/2025:10:47:51 +0200] "GET /uk-UA/user/register/Python.png HTTP/1.1" 200 1386
::1 - - [14/Nov/2025:10:48:24 +0200] "GET /uk-UA/user/register/123 HTTP/1.1" 200 1457
::1 - - [14/Nov/2025:10:48:24 +0200] "GET /uk-UA/user/register/Python.png HTTP/1.1" 200 1386
::1 - - [14/Nov/2025:10:48:24 +0200] "GET /uk-UA/user/register/123 HTTP/1.1" 200 1457
::1 - - [14/Nov/2025:10:48:24 +0200] "GET /uk-UA/user/register/Python.png HTTP/1.1" 200 1386
::1 - - [14/Nov/2025:10:48:37 +0200] "GET /uk-UA/user/register/123 HTTP/1.1" 500 632
::1 - - [14/Nov/2025:10:48:37 +0200] "GET /favicon.ico HTTP/1.1" 500 632
::1 - - [14/Nov/2025:10:48:38 +0200] "GET /uk-UA/user/register/123 HTTP/1.1" 500 632
::1 - - [14/Nov/2025:10:48:38 +0200] "GET /favicon.ico HTTP/1.1" 500 632
::1 - - [14/Nov/2025:10:49:04 +0200] "GET /uk-UA/user/register/123 HTTP/1.1" 500 632
::1 - - [14/Nov/2025:10:49:04 +0200] "GET /favicon.ico HTTP/1.1" 500 632
::1 - - [14/Nov/2025:10:49:04 +0200] "GET /uk-UA/user/register/123 HTTP/1.1" 500 632
::1 - - [14/Nov/2025:10:49:05 +0200] "GET /favicon.ico HTTP/1.1" 500 632
::1 - - [14/Nov/2025:10:49:05 +0200] "GET /uk-UA/user/register/123 HTTP/1.1" 500 632
::1 - - [14/Nov/2025:10:49:05 +0200] "GET /favicon.ico HTTP/1.1" 500 632
::1 - - [14/Nov/2025:10:49:05 +0200] "GET /uk-UA/user/register/123 HTTP/1.1" 500 632
::1 - - [14/Nov/2025:10:49:05 +0200] "GET /favicon.ico HTTP/1.1" 500 632
::1 - - [14/Nov/2025:10:49:05 +0200] "GET /uk-UA/user/register/123 HTTP/1.1" 500 632
::1 - - [14/Nov/2025:10:49:05 +0200] "GET /favicon.ico HTTP/1.1" 500 632
::1 - - [14/Nov/2025:10:49:21 +0200] "GET /uk-UA/user/register/123 HTTP/1.1" 200 1457
::1 - - [14/Nov/2025:10:49:21 +0200] "GET /uk-UA/user/register/Python.png HTTP/1.1" 200 1386
::1 - - [14/Nov/2025:10:49:21 +0200] "GET /uk-UA/user/register/123 HTTP/1.1" 200 1457
::1 - - [14/Nov/2025:10:49:21 +0200] "GET /uk-UA/user/register/Python.png HTTP/1.1" 200 1386
::1 - - [14/Nov/2025:10:49:21 +0200] "GET /uk-UA/user/register/123 HTTP/1.1" 200 1457
::1 - - [14/Nov/2025:10:49:22 +0200] "GET /uk-UA/user/register/Python.png HTTP/1.1" 200 1386
::1 - - [14/Nov/2025:10:49:32 +0200] "GET /uk-UA/user/register/123 HTTP/1.1" 500 632
::1 - - [14/Nov/2025:10:49:32 +0200] "GET /favicon.ico HTTP/1.1" 500 632
::1 - - [14/Nov/2025:10:49:48 +0200] "GET /uk-UA/user/register/123 HTTP/1.1" 500 632
::1 - - [14/Nov/2025:10:49:48 +0200] "GET /favicon.ico HTTP/1.1" 500 632
::1 - - [14/Nov/2025:10:49:48 +0200] "GET /uk-UA/user/register/123 HTTP/1.1" 500 632
::1 - - [14/Nov/2025:10:49:48 +0200] "GET /favicon.ico HTTP/1.1" 500 632
::1 - - [14/Nov/2025:10:49:48 +0200] "GET /uk-UA/user/register/123 HTTP/1.1" 500 632
::1 - - [14/Nov/2025:10:49:48 +0200] "GET /favicon.ico HTTP/1.1" 500 632
::1 - - [14/Nov/2025:10:49:57 +0200] "GET /uk-UA/user/register/123 HTTP/1.1" 500 632
::1 - - [14/Nov/2025:10:49:57 +0200] "GET /favicon.ico HTTP/1.1" 500 632
::1 - - [14/Nov/2025:10:49:58 +0200] "GET /uk-UA/user/register/123 HTTP/1.1" 500 632
::1 - - [14/Nov/2025:10:49:58 +0200] "GET /favicon.ico HTTP/1.1" 500 632
::1 - - [14/Nov/2025:10:49:58 +0200] "GET /uk-UA/user/register/123 HTTP/1.1" 500 632
::1 - - [14/Nov/2025:10:49:58 +0200] "GET /favicon.ico HTTP/1.1" 500 632
::1 - - [14/Nov/2025:10:49:58 +0200] "GET /uk-UA/user/register/123 HTTP/1.1" 500 632
::1 - - [14/Nov/2025:10:49:58 +0200] "GET /favicon.ico HTTP/1.1" 500 632
::1 - - [14/Nov/2025:10:49:58 +0200] "GET /uk-UA/user/register/123 HTTP/1.1" 500 632
::1 - - [14/Nov/2025:10:49:58 +0200] "GET /favicon.ico HTTP/1.1" 500 632
::1 - - [14/Nov/2025:10:50:08 +0200] "GET /uk-UA/user/register/123 HTTP/1.1" 200 1457
::1 - - [14/Nov/2025:10:50:08 +0200] "GET /uk-UA/user/register/Python.png HTTP/1.1" 200 1386
::1 - - [14/Nov/2025:10:50:09 +0200] "GET /uk-UA/user/register/123 HTTP/1.1" 200 1457
::1 - - [14/Nov/2025:10:50:09 +0200] "GET /uk-UA/user/register/Python.png HTTP/1.1" 200 1386
::1 - - [14/Nov/2025:10:50:09 +0200] "GET /uk-UA/user/register/123 HTTP/1.1" 200 1457
::1 - - [14/Nov/2025:10:50:09 +0200] "GET /uk-UA/user/register/Python.png HTTP/1.1" 200 1386
::1 - - [14/Nov/2025:10:50:22 +0200] "GET /uk-UA/user/register/123 HTTP/1.1" 200 1454
::1 - - [14/Nov/2025:10:50:22 +0200] "GET /uk-UA/user/register/Python.png HTTP/1.1" 200 1383
::1 - - [14/Nov/2025:10:50:23 +0200] "GET /uk-UA/user/register/123 HTTP/1.1" 200 1454
::1 - - [14/Nov/2025:10:50:23 +0200] "GET /uk-UA/user/register/Python.png HTTP/1.1" 200 1383
::1 - - [14/Nov/2025:10:50:23 +0200] "GET /uk-UA/user/register/123 HTTP/1.1" 200 1454
::1 - - [14/Nov/2025:10:50:23 +0200] "GET /uk-UA/user/register/Python.png HTTP/1.1" 200 1383
::1 - - [14/Nov/2025:10:50:54 +0200] "GET /uk-UA/user/register/123 HTTP/1.1" 200 1454
::1 - - [14/Nov/2025:10:50:54 +0200] "GET /uk-UA/user/register/Python.png HTTP/1.1" 200 1383
::1 - - [14/Nov/2025:10:50:54 +0200] "GET /uk-UA/user/register/123 HTTP/1.1" 200 1454
::1 - - [14/Nov/2025:10:50:54 +0200] "GET /uk-UA/user/register/Python.png HTTP/1.1" 200 1383
::1 - - [14/Nov/2025:10:50:54 +0200] "GET /uk-UA/user/register/123 HTTP/1.1" 200 1454
::1 - - [14/Nov/2025:10:50:55 +0200] "GET /uk-UA/user/register/Python.png HTTP/1.1" 200 1383
::1 - - [14/Nov/2025:10:52:11 +0200] "GET /uk-UA/user/register/123 HTTP/1.1" 200 1454
::1 - - [14/Nov/2025:10:52:11 +0200] "GET /uk-UA/user/register/Python.png HTTP/1.1" 200 1383
::1 - - [14/Nov/2025:10:52:11 +0200] "GET /uk-UA/user/register/123 HTTP/1.1" 200 1454
::1 - - [14/Nov/2025:10:52:11 +0200] "GET /uk-UA/user/register/Python.png HTTP/1.1" 200 1383
::1 - - [14/Nov/2025:10:59:35 +0200] "GET /uk-UA/user/register/123 HTTP/1.1" 200 1456
::1 - - [14/Nov/2025:10:59:35 +0200] "GET /uk-UA/user/register/Python.png HTTP/1.1" 200 1385
::1 - - [14/Nov/2025:10:59:36 +0200] "GET /uk-UA/user/register/123 HTTP/1.1" 200 1456
::1 - - [14/Nov/2025:10:59:36 +0200] "GET /uk-UA/user/register/Python.png HTTP/1.1" 200 1385
::1 - - [14/Nov/2025:10:59:36 +0200] "GET /uk-UA/user/register/123 HTTP/1.1" 200 1456
::1 - - [14/Nov/2025:10:59:37 +0200] "GET /uk-UA/user/register/Python.png HTTP/1.1" 200 1385
::1 - - [14/Nov/2025:10:59:37 +0200] "GET /uk-UA/user/register/123 HTTP/1.1" 200 1456
::1 - - [14/Nov/2025:10:59:37 +0200] "GET /uk-UA/user/register/Python.png HTTP/1.1" 200 1385
::1 - - [14/Nov/2025:10:59:37 +0200] "GET /uk-UA/user/register/123 HTTP/1.1" 200 1456
::1 - - [14/Nov/2025:10:59:37 +0200] "GET /uk-UA/user/register/Python.png HTTP/1.1" 200 1385
::1 - - [14/Nov/2025:11:00:57 +0200] "GET /uk-UA/user/register/123 HTTP/1.1" 500 632
::1 - - [14/Nov/2025:11:00:57 +0200] "GET /favicon.ico HTTP/1.1" 500 632
::1 - - [14/Nov/2025:11:00:58 +0200] "GET /uk-UA/user/register/123 HTTP/1.1" 500 632
::1 - - [14/Nov/2025:11:00:58 +0200] "GET /favicon.ico HTTP/1.1" 500 632
::1 - - [14/Nov/2025:11:00:58 +0200] "GET /uk-UA/user/register/123 HTTP/1.1" 500 632
::1 - - [14/Nov/2025:11:00:58 +0200] "GET /favicon.ico HTTP/1.1" 500 632
::1 - - [14/Nov/2025:11:01:06 +0200] "GET /uk-UA/user/register/123 HTTP/1.1" 500 632
::1 - - [14/Nov/2025:11:01:06 +0200] "GET /favicon.ico HTTP/1.1" 500 632
::1 - - [14/Nov/2025:11:01:07 +0200] "GET /uk-UA/user/register/123 HTTP/1.1" 500 632
::1 - - [14/Nov/2025:11:01:07 +0200] "GET /favicon.ico HTTP/1.1" 500 632
::1 - - [14/Nov/2025:11:01:07 +0200] "GET /uk-UA/user/register/123 HTTP/1.1" 500 632
::1 - - [14/Nov/2025:11:01:07 +0200] "GET /favicon.ico HTTP/1.1" 500 632
::1 - - [14/Nov/2025:11:01:07 +0200] "GET /uk-UA/user/register/123 HTTP/1.1" 500 632
::1 - - [14/Nov/2025:11:01:07 +0200] "GET /favicon.ico HTTP/1.1" 500 632
::1 - - [14/Nov/2025:11:01:07 +0200] "GET /uk-UA/user/register/123 HTTP/1.1" 500 632
::1 - - [14/Nov/2025:11:01:07 +0200] "GET /favicon.ico HTTP/1.1" 500 632
::1 - - [14/Nov/2025:11:01:07 +0200] "GET /uk-UA/user/register/123 HTTP/1.1" 500 632
::1 - - [14/Nov/2025:11:01:08 +0200] "GET /favicon.ico HTTP/1.1" 500 632
::1 - - [14/Nov/2025:11:02:11 +0200] "GET /uk-UA/user/register/123 HTTP/1.1" 200 2272
::1 - - [14/Nov/2025:11:02:11 +0200] "GET /favicon.ico HTTP/1.1" 200 2161
::1 - - [14/Nov/2025:11:02:12 +0200] "GET /uk-UA/user/register/123 HTTP/1.1" 200 2272
::1 - - [14/Nov/2025:11:02:12 +0200] "GET /favicon.ico HTTP/1.1" 200 2161
::1 - - [14/Nov/2025:11:02:32 +0200] "GET /uk-UA/user/register/123 HTTP/1.1" 500 632
::1 - - [14/Nov/2025:11:02:32 +0200] "GET /favicon.ico HTTP/1.1" 500 632
::1 - - [14/Nov/2025:11:02:49 +0200] "GET /uk-UA/user/register/123 HTTP/1.1" 500 632
::1 - - [14/Nov/2025:11:02:49 +0200] "GET /favicon.ico HTTP/1.1" 500 632
::1 - - [14/Nov/2025:11:02:50 +0200] "GET /uk-UA/user/register/123 HTTP/1.1" 500 632
::1 - - [14/Nov/2025:11:02:50 +0200] "GET /favicon.ico HTTP/1.1" 500 632
::1 - - [14/Nov/2025:11:03:23 +0200] "GET /uk-UA/user/register/123 HTTP/1.1" 200 2272
::1 - - [14/Nov/2025:11:03:23 +0200] "GET /favicon.ico HTTP/1.1" 200 2165
::1 - - [14/Nov/2025:11:03:24 +0200] "GET /uk-UA/user/register/123 HTTP/1.1" 200 2272
::1 - - [14/Nov/2025:11:03:24 +0200] "GET /favicon.ico HTTP/1.1" 200 2165
::1 - - [14/Nov/2025:11:03:55 +0200] "GET /uk-UA/user/register/123 HTTP/1.1" 200 2272
::1 - - [14/Nov/2025:11:03:55 +0200] "GET /favicon.ico HTTP/1.1" 200 2165
::1 - - [14/Nov/2025:11:03:56 +0200] "GET /uk-UA/user/register/123 HTTP/1.1" 200 2272
::1 - - [14/Nov/2025:11:03:56 +0200] "GET /favicon.ico HTTP/1.1" 200 2165
::1 - - [14/Nov/2025:11:03:56 +0200] "GET /uk-UA/user/register/123 HTTP/1.1" 200 2272
::1 - - [14/Nov/2025:11:03:56 +0200] "GET /favicon.ico HTTP/1.1" 200 2165
::1 - - [14/Nov/2025:11:03:56 +0200] "GET /uk-UA/user/register/123 HTTP/1.1" 200 2272
::1 - - [14/Nov/2025:11:03:56 +0200] "GET /favicon.ico HTTP/1.1" 200 2165
::1 - - [14/Nov/2025:11:04:35 +0200] "GET /uk-UA/user/register/123 HTTP/1.1" 200 2272
::1 - - [14/Nov/2025:11:04:35 +0200] "GET /favicon.ico HTTP/1.1" 200 2165
::1 - - [14/Nov/2025:11:04:36 +0200] "GET /uk-UA/user/register/123 HTTP/1.1" 200 2272
::1 - - [14/Nov/2025:11:04:36 +0200] "GET /favicon.ico HTTP/1.1" 200 2165
::1 - - [14/Nov/2025:11:05:59 +0200] "GET /uk-UA/user/register/123 HTTP/1.1" 200 2272
::1 - - [14/Nov/2025:11:05:59 +0200] "GET /favicon.ico HTTP/1.1" 200 2165
::1 - - [14/Nov/2025:11:05:59 +0200] "GET /uk-UA/user/register/123 HTTP/1.1" 200 2272
::1 - - [14/Nov/2025:11:05:59 +0200] "GET /favicon.ico HTTP/1.1" 200 2165
::1 - - [14/Nov/2025:11:05:59 +0200] "GET /uk-UA/user/register/123 HTTP/1.1" 200 2272
::1 - - [14/Nov/2025:11:06:00 +0200] "GET /favicon.ico HTTP/1.1" 200 2165
::1 - - [14/Nov/2025:11:06:00 +0200] "GET /uk-UA/user/register/123 HTTP/1.1" 200 2272
::1 - - [14/Nov/2025:11:06:00 +0200] "GET /favicon.ico HTTP/1.1" 200 2165
::1 - - [19/Nov/2025:09:07:59 +0200] "GET / HTTP/1.1" 200 2250
::1 - - [19/Nov/2025:09:07:59 +0200] "GET /favicon.ico HTTP/1.1" 200 2142
::1 - - [19/Nov/2025:09:08:05 +0200] "GET / HTTP/1.1" 200 2243
::1 - - [19/Nov/2025:09:08:05 +0200] "GET /favicon.ico HTTP/1.1" 200 2142
::1 - - [19/Nov/2025:09:08:57 +0200] "GET / HTTP/1.1" 200 2276
::1 - - [19/Nov/2025:09:08:57 +0200] "GET /python.png HTTP/1.1" 200 187648
::1 - - [19/Nov/2025:09:08:57 +0200] "GET /favicon.ico HTTP/1.1" 200 2175
::1 - - [19/Nov/2025:09:09:11 +0200] "GET / HTTP/1.1" 200 2290
::1 - - [19/Nov/2025:09:09:11 +0200] "GET /python.png HTTP/1.1" 200 187662
::1 - - [19/Nov/2025:09:09:11 +0200] "GET /favicon.ico HTTP/1.1" 200 2189
::1 - - [19/Nov/2025:09:09:17 +0200] "GET / HTTP/1.1" 200 2291
::1 - - [19/Nov/2025:09:09:17 +0200] "GET /python.png HTTP/1.1" 200 187663
::1 - - [19/Nov/2025:09:09:17 +0200] "GET /favicon.ico HTTP/1.1" 200 2190
::1 - - [19/Nov/2025:09:26:17 +0200] "GET / HTTP/1.1" 200 2442
::1 - - [19/Nov/2025:09:26:17 +0200] "GET /img/python.png HTTP/1.1" 200 2354
::1 - - [19/Nov/2025:09:26:17 +0200] "GET /img/person.jpg HTTP/1.1" 200 2354
::1 - - [19/Nov/2025:09:26:17 +0200] "GET /css/site.css HTTP/1.1" 200 2300
::1 - - [19/Nov/2025:09:26:18 +0200] "GET /js/site.js HTTP/1.1" 200 2279
::1 - - [19/Nov/2025:09:26:18 +0200] "GET /favicon.ico HTTP/1.1" 200 2341
::1 - - [19/Nov/2025:09:28:25 +0200] "GET / HTTP/1.1" 200 2456
::1 - - [19/Nov/2025:09:28:25 +0200] "GET /static/img/python.png HTTP/1.1" 200 187837
::1 - - [19/Nov/2025:09:28:25 +0200] "GET /static/img/person.jpg HTTP/1.1" 200 8077
::1 - - [19/Nov/2025:09:28:25 +0200] "GET /js/site.js HTTP/1.1" 200 2293
::1 - - [19/Nov/2025:09:28:25 +0200] "GET /css/site.css HTTP/1.1" 200 2314
::1 - - [19/Nov/2025:09:28:25 +0200] "GET /favicon.ico HTTP/1.1" 200 2355
::1 - - [19/Nov/2025:09:29:17 +0200] "GET / HTTP/1.1" 200 2442
::1 - - [19/Nov/2025:09:29:17 +0200] "GET /img/python.png HTTP/1.1" 200 187829
::1 - - [19/Nov/2025:09:29:17 +0200] "GET /img/person.jpg HTTP/1.1" 200 8069
::1 - - [19/Nov/2025:09:29:17 +0200] "GET /js/site.js HTTP/1.1" 200 2348
::1 - - [19/Nov/2025:09:29:17 +0200] "GET /css/site.css HTTP/1.1" 200 2382
::1 - - [19/Nov/2025:09:29:17 +0200] "GET /favicon.ico HTTP/1.1" 200 2341
::1 - - [19/Nov/2025:09:29:18 +0200] "GET / HTTP/1.1" 200 2442
::1 - - [19/Nov/2025:09:29:18 +0200] "GET /img/person.jpg HTTP/1.1" 200 8069
::1 - - [19/Nov/2025:09:29:18 +0200] "GET /img/python.png HTTP/1.1" 200 187829
::1 - - [19/Nov/2025:09:29:18 +0200] "GET /js/site.js HTTP/1.1" 200 2348
::1 - - [19/Nov/2025:09:29:18 +0200] "GET /css/site.css HTTP/1.1" 200 2382
::1 - - [19/Nov/2025:09:29:18 +0200] "GET /favicon.ico HTTP/1.1" 200 2341
::1 - - [19/Nov/2025:09:29:18 +0200] "GET / HTTP/1.1" 200 2442
::1 - - [19/Nov/2025:09:29:18 +0200] "GET /img/person.jpg HTTP/1.1" 200 8069
::1 - - [19/Nov/2025:09:29:18 +0200] "GET /js/site.js HTTP/1.1" 200 2348
::1 - - [19/Nov/2025:09:29:18 +0200] "GET /img/python.png HTTP/1.1" 200 187829
::1 - - [19/Nov/2025:09:29:18 +0200] "GET /css/site.css HTTP/1.1" 200 2382
::1 - - [19/Nov/2025:09:29:18 +0200] "GET /favicon.ico HTTP/1.1" 200 2341
::1 - - [19/Nov/2025:09:29:28 +0200] "GET /css/site.css HTTP/1.1" 200 2382
::1 - - [19/Nov/2025:09:30:09 +0200] "GET / HTTP/1.1" 200 2468
::1 - - [19/Nov/2025:09:30:09 +0200] "GET /img/person.jpg HTTP/1.1" 200 8095
::1 - - [19/Nov/2025:09:30:09 +0200] "GET /img/python.png HTTP/1.1" 200 187855
::1 - - [19/Nov/2025:09:30:09 +0200] "GET /static/css/site.css HTTP/1.1" 200 2324
::1 - - [19/Nov/2025:09:30:09 +0200] "GET /js/site.js HTTP/1.1" 200 2374
::1 - - [19/Nov/2025:09:30:09 +0200] "GET /favicon.ico HTTP/1.1" 200 2367
::1 - - [19/Nov/2025:09:30:10 +0200] "GET / HTTP/1.1" 200 2468
::1 - - [19/Nov/2025:09:30:10 +0200] "GET /img/python.png HTTP/1.1" 200 187855
::1 - - [19/Nov/2025:09:30:10 +0200] "GET /img/person.jpg HTTP/1.1" 200 8095
::1 - - [19/Nov/2025:09:30:10 +0200] "GET /static/css/site.css HTTP/1.1" 200 2324
::1 - - [19/Nov/2025:09:30:10 +0200] "GET /js/site.js HTTP/1.1" 200 2374
::1 - - [19/Nov/2025:09:30:10 +0200] "GET / HTTP/1.1" 200 2468
::1 - - [19/Nov/2025:09:30:10 +0200] "GET /favicon.ico HTTP/1.1" 200 2367
::1 - - [19/Nov/2025:09:30:10 +0200] "GET /img/person.jpg HTTP/1.1" 200 8095
::1 - - [19/Nov/2025:09:30:10 +0200] "GET /img/python.png HTTP/1.1" 200 187855
::1 - - [19/Nov/2025:09:30:10 +0200] "GET /static/css/site.css HTTP/1.1" 200 2324
::1 - - [19/Nov/2025:09:30:10 +0200] "GET /js/site.js HTTP/1.1" 200 2374
::1 - - [19/Nov/2025:09:30:11 +0200] "GET /favicon.ico HTTP/1.1" 200 2367
::1 - - [19/Nov/2025:09:31:01 +0200] "GET / HTTP/1.1" 200 2474
::1 - - [19/Nov/2025:09:31:01 +0200] "GET /img/python.png HTTP/1.1" 200 187861
::1 - - [19/Nov/2025:09:31:01 +0200] "GET /static/css/site.css HTTP/1.1" 200 2330
::1 - - [19/Nov/2025:09:31:01 +0200] "GET /img/person.jpg HTTP/1.1" 200 8101
::1 - - [19/Nov/2025:09:31:02 +0200] "GET /static/js/site.js HTTP/1.1" 200 2309
::1 - - [19/Nov/2025:09:31:02 +0200] "GET /favicon.ico HTTP/1.1" 200 2373
::1 - - [19/Nov/2025:09:31:02 +0200] "GET / HTTP/1.1" 200 2474
::1 - - [19/Nov/2025:09:31:03 +0200] "GET /img/person.jpg HTTP/1.1" 200 8101
::1 - - [19/Nov/2025:09:31:03 +0200] "GET /img/python.png HTTP/1.1" 200 187861
::1 - - [19/Nov/2025:09:31:03 +0200] "GET /static/css/site.css HTTP/1.1" 200 2330
::1 - - [19/Nov/2025:09:31:03 +0200] "GET /static/js/site.js HTTP/1.1" 200 2309
::1 - - [19/Nov/2025:09:31:03 +0200] "GET /favicon.ico HTTP/1.1" 200 2373
::1 - - [19/Nov/2025:09:31:25 +0200] "GET / HTTP/1.1" 200 2475
::1 - - [19/Nov/2025:09:31:25 +0200] "GET /img/person.jpg HTTP/1.1" 200 8102
::1 - - [19/Nov/2025:09:31:25 +0200] "GET /img/python.png HTTP/1.1" 200 187862
::1 - - [19/Nov/2025:09:31:25 +0200] "GET /static/css/site.css HTTP/1.1" 200 2331
::1 - - [19/Nov/2025:09:31:25 +0200] "GET /static/js/site.js HTTP/1.1" 200 2310
::1 - - [19/Nov/2025:09:31:25 +0200] "GET /favicon.ico HTTP/1.1" 200 2374
::1 - - [19/Nov/2025:09:31:25 +0200] "GET / HTTP/1.1" 200 2475
::1 - - [19/Nov/2025:09:31:26 +0200] "GET /img/person.jpg HTTP/1.1" 200 8102
::1 - - [19/Nov/2025:09:31:26 +0200] "GET /img/python.png HTTP/1.1" 200 187862
::1 - - [19/Nov/2025:09:31:26 +0200] "GET /static/css/site.css HTTP/1.1" 200 2331
::1 - - [19/Nov/2025:09:31:26 +0200] "GET /static/js/site.js HTTP/1.1" 200 2310
::1 - - [19/Nov/2025:09:31:26 +0200] "GET /favicon.ico HTTP/1.1" 200 2374
::1 - - [19/Nov/2025:09:31:26 +0200] "GET / HTTP/1.1" 200 2475
::1 - - [19/Nov/2025:09:31:26 +0200] "GET /img/person.jpg HTTP/1.1" 200 8102
::1 - - [19/Nov/2025:09:31:26 +0200] "GET /img/python.png HTTP/1.1" 200 187862
::1 - - [19/Nov/2025:09:31:26 +0200] "GET /static/css/site.css HTTP/1.1" 200 2331
::1 - - [19/Nov/2025:09:31:26 +0200] "GET /static/js/site.js HTTP/1.1" 200 2310
::1 - - [19/Nov/2025:09:31:26 +0200] "GET /favicon.ico HTTP/1.1" 200 2374
::1 - - [19/Nov/2025:09:32:23 +0200] "GET / HTTP/1.1" 200 2468
::1 - - [19/Nov/2025:09:32:23 +0200] "GET /img/python.png HTTP/1.1" 200 187855
::1 - - [19/Nov/2025:09:32:23 +0200] "GET /img/person.jpg HTTP/1.1" 200 8095
::1 - - [19/Nov/2025:09:32:23 +0200] "GET /static/css/site.css HTTP/1.1" 200 2324
::1 - - [19/Nov/2025:09:32:23 +0200] "GET /js/site.js HTTP/1.1" 200 2374
::1 - - [19/Nov/2025:09:32:23 +0200] "GET /favicon.ico HTTP/1.1" 200 2367
::1 - - [19/Nov/2025:09:35:45 +0200] "GET / HTTP/1.1" 200 2468
::1 - - [19/Nov/2025:09:35:45 +0200] "GET /img/person.jpg HTTP/1.1" 200 8095
::1 - - [19/Nov/2025:09:35:45 +0200] "GET /static/css/site.css HTTP/1.1" 200 2324
::1 - - [19/Nov/2025:09:35:45 +0200] "GET /img/python.png HTTP/1.1" 200 187855
::1 - - [19/Nov/2025:09:35:45 +0200] "GET /js/site.js HTTP/1.1" 200 2374
::1 - - [19/Nov/2025:09:35:45 +0200] "GET /favicon.ico HTTP/1.1" 200 2367
::1 - - [19/Nov/2025:09:37:14 +0200] "GET / HTTP/1.1" 200 2468
::1 - - [19/Nov/2025:09:37:14 +0200] "GET /img/python.png HTTP/1.1" 200 185433
::1 - - [19/Nov/2025:09:37:14 +0200] "GET /img/person.jpg HTTP/1.1" 200 5673
::1 - - [19/Nov/2025:09:37:14 +0200] "GET /static/css/site.css HTTP/1.1" 200 2324
::1 - - [19/Nov/2025:09:37:14 +0200] "GET /js/site.js HTTP/1.1" 200 27
::1 - - [19/Nov/2025:09:37:15 +0200] "GET /favicon.ico HTTP/1.1" 200 2367
::1 - - [19/Nov/2025:09:37:34 +0200] "GET / HTTP/1.1" 200 2468
::1 - - [19/Nov/2025:09:37:34 +0200] "GET /img/python.png HTTP/1.1" 200 185433
::1 - - [19/Nov/2025:09:37:34 +0200] "GET /img/person.jpg HTTP/1.1" 200 5673
::1 - - [19/Nov/2025:09:37:34 +0200] "GET /static/css/site.css HTTP/1.1" 200 2324
::1 - - [19/Nov/2025:09:37:34 +0200] "GET /js/site.js HTTP/1.1" 200 27
::1 - - [19/Nov/2025:09:37:35 +0200] "GET /favicon.ico HTTP/1.1" 200 2367
::1 - - [19/Nov/2025:09:37:35 +0200] "GET / HTTP/1.1" 200 2468
::1 - - [19/Nov/2025:09:37:35 +0200] "GET /img/person.jpg HTTP/1.1" 200 5673
::1 - - [19/Nov/2025:09:37:35 +0200] "GET /img/python.png HTTP/1.1" 200 185433
::1 - - [19/Nov/2025:09:37:35 +0200] "GET /static/css/site.css HTTP/1.1" 200 2324
::1 - - [19/Nov/2025:09:37:35 +0200] "GET /js/site.js HTTP/1.1" 200 27
::1 - - [19/Nov/2025:09:37:35 +0200] "GET /favicon.ico HTTP/1.1" 200 2367
::1 - - [19/Nov/2025:09:37:36 +0200] "GET / HTTP/1.1" 200 2468
::1 - - [19/Nov/2025:09:37:36 +0200] "GET /img/person.jpg HTTP/1.1" 200 5673
::1 - - [19/Nov/2025:09:37:36 +0200] "GET /img/python.png HTTP/1.1" 200 185433
::1 - - [19/Nov/2025:09:37:36 +0200] "GET /static/css/site.css HTTP/1.1" 200 2324
::1 - - [19/Nov/2025:09:37:36 +0200] "GET /js/site.js HTTP/1.1" 200 27
::1 - - [19/Nov/2025:09:37:36 +0200] "GET /favicon.ico HTTP/1.1" 200 2367
::1 - - [19/Nov/2025:09:39:14 +0200] "GET / HTTP/1.1" 200 2468
::1 - - [19/Nov/2025:09:39:14 +0200] "GET /img/python.png HTTP/1.1" 200 185433
::1 - - [19/Nov/2025:09:39:14 +0200] "GET /img/person.jpg HTTP/1.1" 200 5673
::1 - - [19/Nov/2025:09:39:14 +0200] "GET /static/css/site.css HTTP/1.1" 200 2324
::1 - - [19/Nov/2025:09:39:14 +0200] "GET /js/site.js HTTP/1.1" 200 27
::1 - - [19/Nov/2025:09:39:14 +0200] "GET /favicon.ico HTTP/1.1" 200 2367
::1 - - [19/Nov/2025:09:39:14 +0200] "GET / HTTP/1.1" 200 2468
::1 - - [19/Nov/2025:09:39:14 +0200] "GET /img/person.jpg HTTP/1.1" 200 5673
::1 - - [19/Nov/2025:09:39:14 +0200] "GET /img/python.png HTTP/1.1" 200 185433
::1 - - [19/Nov/2025:09:39:14 +0200] "GET /static/css/site.css HTTP/1.1" 200 2324
::1 - - [19/Nov/2025:09:39:15 +0200] "GET /js/site.js HTTP/1.1" 200 27
::1 - - [19/Nov/2025:09:39:15 +0200] "GET /favicon.ico HTTP/1.1" 200 2367
::1 - - [19/Nov/2025:09:39:15 +0200] "GET / HTTP/1.1" 200 2468
::1 - - [19/Nov/2025:09:39:15 +0200] "GET /img/person.jpg HTTP/1.1" 200 5673
::1 - - [19/Nov/2025:09:39:15 +0200] "GET /img/python.png HTTP/1.1" 200 185433
::1 - - [19/Nov/2025:09:39:15 +0200] "GET /static/css/site.css HTTP/1.1" 200 2324
::1 - - [19/Nov/2025:09:39:15 +0200] "GET /js/site.js HTTP/1.1" 200 27
::1 - - [19/Nov/2025:09:39:15 +0200] "GET /favicon.ico HTTP/1.1" 200 2367
::1 - - [19/Nov/2025:09:44:39 +0200] "GET / HTTP/1.1" 200 2468
::1 - - [19/Nov/2025:09:44:39 +0200] "GET /img/person.jpg HTTP/1.1" 500 632
::1 - - [19/Nov/2025:09:44:39 +0200] "GET /img/python.png HTTP/1.1" 500 632
::1 - - [19/Nov/2025:09:44:39 +0200] "GET /static/css/site.css HTTP/1.1" 500 632
::1 - - [19/Nov/2025:09:44:39 +0200] "GET /js/site.js HTTP/1.1" 500 632
::1 - - [19/Nov/2025:09:44:39 +0200] "GET /favicon.ico HTTP/1.1" 500 632
::1 - - [19/Nov/2025:09:44:40 +0200] "GET / HTTP/1.1" 200 2468
::1 - - [19/Nov/2025:09:44:40 +0200] "GET /img/python.png HTTP/1.1" 500 632
::1 - - [19/Nov/2025:09:44:40 +0200] "GET /img/person.jpg HTTP/1.1" 500 632
::1 - - [19/Nov/2025:09:44:40 +0200] "GET /static/css/site.css HTTP/1.1" 500 632
::1 - - [19/Nov/2025:09:44:40 +0200] "GET /js/site.js HTTP/1.1" 500 632
::1 - - [19/Nov/2025:09:44:40 +0200] "GET /favicon.ico HTTP/1.1" 500 632
::1 - - [19/Nov/2025:09:45:00 +0200] "GET / HTTP/1.1" 200 2468
::1 - - [19/Nov/2025:09:45:00 +0200] "GET /img/person.jpg HTTP/1.1" 500 632
::1 - - [19/Nov/2025:09:45:00 +0200] "GET /img/python.png HTTP/1.1" 500 632
::1 - - [19/Nov/2025:09:45:00 +0200] "GET /static/css/site.css HTTP/1.1" 500 632
::1 - - [19/Nov/2025:09:45:00 +0200] "GET /js/site.js HTTP/1.1" 500 632
::1 - - [19/Nov/2025:09:45:00 +0200] "GET /favicon.ico HTTP/1.1" 500 632
::1 - - [19/Nov/2025:09:45:00 +0200] "GET / HTTP/1.1" 200 2468
::1 - - [19/Nov/2025:09:45:00 +0200] "GET /img/person.jpg HTTP/1.1" 500 632
::1 - - [19/Nov/2025:09:45:00 +0200] "GET /img/python.png HTTP/1.1" 500 632
::1 - - [19/Nov/2025:09:45:00 +0200] "GET /static/css/site.css HTTP/1.1" 500 632
::1 - - [19/Nov/2025:09:45:01 +0200] "GET /js/site.js HTTP/1.1" 500 632
::1 - - [19/Nov/2025:09:45:01 +0200] "GET /favicon.ico HTTP/1.1" 500 632
::1 - - [19/Nov/2025:09:46:00 +0200] "GET / HTTP/1.1" 200 2468
::1 - - [19/Nov/2025:09:46:00 +0200] "GET /img/python.png HTTP/1.1" 500 632
::1 - - [19/Nov/2025:09:46:00 +0200] "GET /img/person.jpg HTTP/1.1" 500 632
::1 - - [19/Nov/2025:09:46:00 +0200] "GET /static/css/site.css HTTP/1.1" 500 632
::1 - - [19/Nov/2025:09:46:01 +0200] "GET /js/site.js HTTP/1.1" 500 632
::1 - - [19/Nov/2025:09:46:01 +0200] "GET /favicon.ico HTTP/1.1" 500 632
::1 - - [19/Nov/2025:09:46:01 +0200] "GET / HTTP/1.1" 200 2468
::1 - - [19/Nov/2025:09:46:01 +0200] "GET /img/person.jpg HTTP/1.1" 500 632
::1 - - [19/Nov/2025:09:46:01 +0200] "GET /img/python.png HTTP/1.1" 500 632
::1 - - [19/Nov/2025:09:46:01 +0200] "GET /static/css/site.css HTTP/1.1" 500 632
::1 - - [19/Nov/2025:09:46:01 +0200] "GET /js/site.js HTTP/1.1" 500 632
::1 - - [19/Nov/2025:09:46:01 +0200] "GET /favicon.ico HTTP/1.1" 500 632
::1 - - [19/Nov/2025:09:46:01 +0200] "GET / HTTP/1.1" 200 2468
::1 - - [19/Nov/2025:09:46:01 +0200] "GET /img/python.png HTTP/1.1" 500 632
::1 - - [19/Nov/2025:09:46:01 +0200] "GET /img/person.jpg HTTP/1.1" 500 632
::1 - - [19/Nov/2025:09:46:01 +0200] "GET /static/css/site.css HTTP/1.1" 500 632
::1 - - [19/Nov/2025:09:46:02 +0200] "GET /js/site.js HTTP/1.1" 500 632
::1 - - [19/Nov/2025:09:46:02 +0200] "GET /favicon.ico HTTP/1.1" 500 632
::1 - - [19/Nov/2025:09:46:02 +0200] "GET / HTTP/1.1" 200 2468
::1 - - [19/Nov/2025:09:46:02 +0200] "GET /img/python.png HTTP/1.1" 500 632
::1 - - [19/Nov/2025:09:46:02 +0200] "GET /img/person.jpg HTTP/1.1" 500 632
::1 - - [19/Nov/2025:09:46:02 +0200] "GET /static/css/site.css HTTP/1.1" 500 632
::1 - - [19/Nov/2025:09:46:02 +0200] "GET /js/site.js HTTP/1.1" 500 632
::1 - - [19/Nov/2025:09:46:02 +0200] "GET /favicon.ico HTTP/1.1" 500 632
::1 - - [19/Nov/2025:09:46:28 +0200] "GET / HTTP/1.1" 200 2461
::1 - - [19/Nov/2025:09:46:28 +0200] "GET /img/person.jpg HTTP/1.1" 500 632
::1 - - [19/Nov/2025:09:46:28 +0200] "GET /img/python.png HTTP/1.1" 500 632
::1 - - [19/Nov/2025:09:46:28 +0200] "GET /css/site.css HTTP/1.1" 500 632
::1 - - [19/Nov/2025:09:46:28 +0200] "GET /js/site.js HTTP/1.1" 500 632
::1 - - [19/Nov/2025:09:46:28 +0200] "GET /favicon.ico HTTP/1.1" 500 632
::1 - - [19/Nov/2025:09:46:29 +0200] "GET / HTTP/1.1" 200 2461
::1 - - [19/Nov/2025:09:46:29 +0200] "GET /img/person.jpg HTTP/1.1" 500 632
::1 - - [19/Nov/2025:09:46:29 +0200] "GET /img/python.png HTTP/1.1" 500 632
::1 - - [19/Nov/2025:09:46:29 +0200] "GET /css/site.css HTTP/1.1" 500 632
::1 - - [19/Nov/2025:09:46:29 +0200] "GET /js/site.js HTTP/1.1" 500 632
::1 - - [19/Nov/2025:09:46:29 +0200] "GET /favicon.ico HTTP/1.1" 500 632
::1 - - [19/Nov/2025:09:46:29 +0200] "GET / HTTP/1.1" 200 2461
::1 - - [19/Nov/2025:09:46:30 +0200] "GET /img/person.jpg HTTP/1.1" 500 632
::1 - - [19/Nov/2025:09:46:30 +0200] "GET /img/python.png HTTP/1.1" 500 632
::1 - - [19/Nov/2025:09:46:30 +0200] "GET /css/site.css HTTP/1.1" 500 632
::1 - - [19/Nov/2025:09:46:30 +0200] "GET /js/site.js HTTP/1.1" 500 632
::1 - - [19/Nov/2025:09:46:30 +0200] "GET /favicon.ico HTTP/1.1" 500 632
::1 - - [19/Nov/2025:09:46:46 +0200] "GET / HTTP/1.1" 200 2460
::1 - - [19/Nov/2025:09:46:46 +0200] "GET /img/python.png HTTP/1.1" 500 632
::1 - - [19/Nov/2025:09:46:46 +0200] "GET /img/person.jpg HTTP/1.1" 500 632
::1 - - [19/Nov/2025:09:46:46 +0200] "GET /css/site.css HTTP/1.1" 500 632
::1 - - [19/Nov/2025:09:46:46 +0200] "GET /js/site.js HTTP/1.1" 500 632
::1 - - [19/Nov/2025:09:46:46 +0200] "GET /favicon.ico HTTP/1.1" 500 632
::1 - - [19/Nov/2025:09:48:31 +0200] "GET / HTTP/1.1" 200 2463
::1 - - [19/Nov/2025:09:48:31 +0200] "GET /img/person.jpg HTTP/1.1" 500 632
::1 - - [19/Nov/2025:09:48:31 +0200] "GET /img/python.png HTTP/1.1" 500 632
::1 - - [19/Nov/2025:09:48:31 +0200] "GET /css/site.css HTTP/1.1" 500 632
::1 - - [19/Nov/2025:09:48:31 +0200] "GET /js/site.js HTTP/1.1" 500 632
::1 - - [19/Nov/2025:09:48:31 +0200] "GET /favicon.ico HTTP/1.1" 500 632
::1 - - [19/Nov/2025:09:48:32 +0200] "GET / HTTP/1.1" 200 2463
::1 - - [19/Nov/2025:09:48:32 +0200] "GET /img/python.png HTTP/1.1" 500 632
::1 - - [19/Nov/2025:09:48:32 +0200] "GET /img/person.jpg HTTP/1.1" 500 632
::1 - - [19/Nov/2025:09:48:32 +0200] "GET /css/site.css HTTP/1.1" 500 632
::1 - - [19/Nov/2025:09:48:32 +0200] "GET /js/site.js HTTP/1.1" 500 632
::1 - - [19/Nov/2025:09:48:32 +0200] "GET /favicon.ico HTTP/1.1" 500 632
::1 - - [19/Nov/2025:09:48:32 +0200] "GET / HTTP/1.1" 200 2463
::1 - - [19/Nov/2025:09:48:32 +0200] "GET /img/person.jpg HTTP/1.1" 500 632
::1 - - [19/Nov/2025:09:48:32 +0200] "GET /img/python.png HTTP/1.1" 500 632
::1 - - [19/Nov/2025:09:48:32 +0200] "GET /css/site.css HTTP/1.1" 500 632
::1 - - [19/Nov/2025:09:48:33 +0200] "GET /js/site.js HTTP/1.1" 500 632
::1 - - [19/Nov/2025:09:48:33 +0200] "GET /favicon.ico HTTP/1.1" 500 632
::1 - - [19/Nov/2025:09:49:07 +0200] "GET / HTTP/1.1" 200 2463
::1 - - [19/Nov/2025:09:49:07 +0200] "GET /img/python.png HTTP/1.1" 500 632
::1 - - [19/Nov/2025:09:49:07 +0200] "GET /img/person.jpg HTTP/1.1" 500 632
::1 - - [19/Nov/2025:09:49:07 +0200] "GET /css/site.css HTTP/1.1" 500 632
::1 - - [19/Nov/2025:09:49:07 +0200] "GET /js/site.js HTTP/1.1" 500 632
::1 - - [19/Nov/2025:09:49:07 +0200] "GET /favicon.ico HTTP/1.1" 500 632
::1 - - [19/Nov/2025:09:50:02 +0200] "GET / HTTP/1.1" 200 2463
::1 - - [19/Nov/2025:09:50:02 +0200] "GET /img/person.jpg HTTP/1.1" 200 5673
::1 - - [19/Nov/2025:09:50:02 +0200] "GET /img/python.png HTTP/1.1" 200 185433
::1 - - [19/Nov/2025:09:50:02 +0200] "GET /css/site.css HTTP/1.1" 200 40
::1 - - [19/Nov/2025:09:50:02 +0200] "GET /js/site.js HTTP/1.1" 200 27
::1 - - [19/Nov/2025:09:50:02 +0200] "GET /favicon.ico HTTP/1.1" 200 2362
::1 - - [19/Nov/2025:09:50:16 +0200] "GET / HTTP/1.1" 200 2463
::1 - - [19/Nov/2025:09:50:16 +0200] "GET /img/person.jpg HTTP/1.1" 200 5673
::1 - - [19/Nov/2025:09:50:16 +0200] "GET /img/python.png HTTP/1.1" 200 185433
::1 - - [19/Nov/2025:09:50:16 +0200] "GET /css/site.css HTTP/1.1" 200 40
::1 - - [19/Nov/2025:09:50:16 +0200] "GET /js/site.js HTTP/1.1" 200 27
::1 - - [19/Nov/2025:09:50:16 +0200] "GET /favicon.ico HTTP/1.1" 200 2362
::1 - - [19/Nov/2025:09:50:16 +0200] "GET / HTTP/1.1" 200 2463
::1 - - [19/Nov/2025:09:50:16 +0200] "GET /img/person.jpg HTTP/1.1" 200 5673
::1 - - [19/Nov/2025:09:50:16 +0200] "GET /img/python.png HTTP/1.1" 200 185433
::1 - - [19/Nov/2025:09:50:16 +0200] "GET /css/site.css HTTP/1.1" 200 40
::1 - - [19/Nov/2025:09:50:16 +0200] "GET /js/site.js HTTP/1.1" 200 27
::1 - - [19/Nov/2025:09:50:16 +0200] "GET /favicon.ico HTTP/1.1" 200 2362
::1 - - [19/Nov/2025:10:26:28 +0200] "GET / HTTP/1.1" 200 2462
::1 - - [19/Nov/2025:10:26:28 +0200] "GET /img/person.jpg HTTP/1.1" 200 5673
::1 - - [19/Nov/2025:10:26:28 +0200] "GET /img/python.png HTTP/1.1" 200 185433
::1 - - [19/Nov/2025:10:26:28 +0200] "GET /css/site.css HTTP/1.1" 200 40
::1 - - [19/Nov/2025:10:26:28 +0200] "GET /js/site.js HTTP/1.1" 200 27
::1 - - [19/Nov/2025:10:26:28 +0200] "GET /favicon.ico HTTP/1.1" 200 2361
::1 - - [19/Nov/2025:10:26:29 +0200] "GET / HTTP/1.1" 200 2462
::1 - - [19/Nov/2025:10:26:29 +0200] "GET /img/person.jpg HTTP/1.1" 200 5673
::1 - - [19/Nov/2025:10:26:29 +0200] "GET /img/python.png HTTP/1.1" 200 185433
::1 - - [19/Nov/2025:10:26:29 +0200] "GET /css/site.css HTTP/1.1" 200 40
::1 - - [19/Nov/2025:10:26:29 +0200] "GET /js/site.js HTTP/1.1" 200 27
::1 - - [19/Nov/2025:10:26:29 +0200] "GET /favicon.ico HTTP/1.1" 200 2361
::1 - - [19/Nov/2025:10:27:37 +0200] "GET / HTTP/1.1" 500 632
::1 - - [19/Nov/2025:10:27:37 +0200] "GET /favicon.ico HTTP/1.1" 500 632
::1 - - [19/Nov/2025:10:30:17 +0200] "GET / HTTP/1.1" 500 632
::1 - - [19/Nov/2025:10:30:17 +0200] "GET /favicon.ico HTTP/1.1" 500 632
::1 - - [19/Nov/2025:10:30:18 +0200] "GET / HTTP/1.1" 500 632
::1 - - [19/Nov/2025:10:30:18 +0200] "GET /favicon.ico HTTP/1.1" 500 632
::1 - - [19/Nov/2025:10:30:18 +0200] "GET / HTTP/1.1" 500 632
::1 - - [19/Nov/2025:10:30:18 +0200] "GET /favicon.ico HTTP/1.1" 500 632
::1 - - [19/Nov/2025:10:35:37 +0200] "GET / HTTP/1.1" 200 23
::1 - - [19/Nov/2025:10:35:37 +0200] "GET /favicon.ico HTTP/1.1" 200 23
::1 - - [19/Nov/2025:10:35:38 +0200] "GET / HTTP/1.1" 200 23
::1 - - [19/Nov/2025:10:35:38 +0200] "GET /favicon.ico HTTP/1.1" 200 23
::1 - - [19/Nov/2025:10:50:57 +0200] "GET / HTTP/1.1" 200 2442
::1 - - [19/Nov/2025:10:50:57 +0200] "GET /img/python.png HTTP/1.1" 200 185433
::1 - - [19/Nov/2025:10:50:57 +0200] "GET /css/site.css HTTP/1.1" 200 40
::1 - - [19/Nov/2025:10:50:57 +0200] "GET /img/person.jpg HTTP/1.1" 200 5673
::1 - - [19/Nov/2025:10:50:57 +0200] "GET /js/site.js HTTP/1.1" 200 27
::1 - - [19/Nov/2025:11:13:58 +0200] "GET / HTTP/1.1" 200 1516
::1 - - [19/Nov/2025:11:13:58 +0200] "GET /img/Python.png HTTP/1.1" 200 185433
::1 - - [19/Nov/2025:11:13:58 +0200] "GET /css/site.css HTTP/1.1" 200 40
::1 - - [19/Nov/2025:11:13:58 +0200] "GET /img/m13.jpg HTTP/1.1" 200 -
::1 - - [19/Nov/2025:11:13:58 +0200] "GET /js/site.js HTTP/1.1" 200 27
::1 - - [19/Nov/2025:11:13:58 +0200] "GET /img/python.png HTTP/1.1" 200 185433
::1 - - [19/Nov/2025:11:13:59 +0200] "GET / HTTP/1.1" 200 1516
::1 - - [19/Nov/2025:11:13:59 +0200] "GET /img/Python.png HTTP/1.1" 200 185433
::1 - - [19/Nov/2025:11:13:59 +0200] "GET /img/m13.jpg HTTP/1.1" 200 -
::1 - - [19/Nov/2025:11:13:59 +0200] "GET /css/site.css HTTP/1.1" 200 40
::1 - - [19/Nov/2025:11:13:59 +0200] "GET /js/site.js HTTP/1.1" 200 27
::1 - - [19/Nov/2025:11:13:59 +0200] "GET /img/python.png HTTP/1.1" 200 185433
::1 - - [19/Nov/2025:11:14:10 +0200] "GET / HTTP/1.1" 200 1519
::1 - - [19/Nov/2025:11:14:10 +0200] "GET /img/Python.png HTTP/1.1" 200 185433
::1 - - [19/Nov/2025:11:14:10 +0200] "GET /img/person.jpg HTTP/1.1" 200 5673
::1 - - [19/Nov/2025:11:14:10 +0200] "GET /css/site.css HTTP/1.1" 200 40
::1 - - [19/Nov/2025:11:14:10 +0200] "GET /js/site.js HTTP/1.1" 200 27
::1 - - [19/Nov/2025:11:14:10 +0200] "GET /img/python.png HTTP/1.1" 200 185433
::1 - - [19/Nov/2025:11:22:04 +0200] "GET /home HTTP/1.1" 200 1529
::1 - - [19/Nov/2025:11:22:04 +0200] "GET /img/Python.png HTTP/1.1" 200 185433
::1 - - [19/Nov/2025:11:22:04 +0200] "GET /img/person.jpg HTTP/1.1" 200 5673
::1 - - [19/Nov/2025:11:22:04 +0200] "GET /css/site.css HTTP/1.1" 200 40
::1 - - [19/Nov/2025:11:22:05 +0200] "GET /js/site.js HTTP/1.1" 200 27
::1 - - [19/Nov/2025:11:22:13 +0200] "GET /user HTTP/1.1" 200 1529
::1 - - [19/Nov/2025:11:22:14 +0200] "GET /img/person.jpg HTTP/1.1" 200 5673
::1 - - [19/Nov/2025:11:22:14 +0200] "GET /img/Python.png HTTP/1.1" 200 185433
::1 - - [19/Nov/2025:11:22:14 +0200] "GET /js/site.js HTTP/1.1" 200 27
::1 - - [19/Nov/2025:11:22:14 +0200] "GET /css/site.css HTTP/1.1" 200 40
::1 - - [19/Nov/2025:11:22:18 +0200] "GET /user1 HTTP/1.1" 200 1530
::1 - - [19/Nov/2025:11:22:18 +0200] "GET /img/Python.png HTTP/1.1" 200 185433
::1 - - [19/Nov/2025:11:22:18 +0200] "GET /img/person.jpg HTTP/1.1" 200 5673
::1 - - [19/Nov/2025:11:22:18 +0200] "GET /js/site.js HTTP/1.1" 200 27
::1 - - [19/Nov/2025:11:22:18 +0200] "GET /css/site.css HTTP/1.1" 200 40
::1 - - [19/Nov/2025:11:22:25 +0200] "GET /user HTTP/1.1" 200 1529
::1 - - [19/Nov/2025:11:22:26 +0200] "GET /img/person.jpg HTTP/1.1" 200 5673
::1 - - [19/Nov/2025:11:22:26 +0200] "GET /img/Python.png HTTP/1.1" 200 185433
::1 - - [19/Nov/2025:11:22:26 +0200] "GET /js/site.js HTTP/1.1" 200 27
::1 - - [19/Nov/2025:11:22:26 +0200] "GET /css/site.css HTTP/1.1" 200 40
::1 - - [19/Nov/2025:11:22:27 +0200] "GET /user HTTP/1.1" 200 1565
::1 - - [19/Nov/2025:11:22:27 +0200] "GET /img/Python.png HTTP/1.1" 200 185433
::1 - - [19/Nov/2025:11:22:27 +0200] "GET /js/site.js HTTP/1.1" 200 27
::1 - - [19/Nov/2025:11:22:27 +0200] "GET /img/person.jpg HTTP/1.1" 200 5673
::1 - - [19/Nov/2025:11:22:28 +0200] "GET /css/site.css HTTP/1.1" 200 40
::1 - - [19/Nov/2025:11:22:28 +0200] "GET /img/python.png HTTP/1.1" 200 185433
::1 - - [19/Nov/2025:11:22:31 +0200] "GET /user HTTP/1.1" 200 1565
::1 - - [19/Nov/2025:11:22:31 +0200] "GET /js/site.js HTTP/1.1" 200 27
::1 - - [19/Nov/2025:11:22:31 +0200] "GET /img/person.jpg HTTP/1.1" 200 5673
::1 - - [19/Nov/2025:11:22:31 +0200] "GET /img/Python.png HTTP/1.1" 200 185433
::1 - - [19/Nov/2025:11:22:31 +0200] "GET /css/site.css HTTP/1.1" 200 40
::1 - - [19/Nov/2025:11:22:31 +0200] "GET /img/python.png HTTP/1.1" 200 185433
::1 - - [19/Nov/2025:11:22:38 +0200] "GET /user2 HTTP/1.1" 200 1530
::1 - - [19/Nov/2025:11:22:38 +0200] "GET /img/person.jpg HTTP/1.1" 200 5673
::1 - - [19/Nov/2025:11:22:38 +0200] "GET /img/Python.png HTTP/1.1" 200 185433
::1 - - [19/Nov/2025:11:22:38 +0200] "GET /js/site.js HTTP/1.1" 200 27
::1 - - [19/Nov/2025:11:22:38 +0200] "GET /css/site.css HTTP/1.1" 200 40
::1 - - [19/Nov/2025:11:22:50 +0200] "GET /catalog HTTP/1.1" 200 1532
::1 - - [19/Nov/2025:11:22:50 +0200] "GET /img/Python.png HTTP/1.1" 200 185433
::1 - - [19/Nov/2025:11:22:50 +0200] "GET /img/person.jpg HTTP/1.1" 200 5673
::1 - - [19/Nov/2025:11:22:50 +0200] "GET /js/site.js HTTP/1.1" 200 27
::1 - - [19/Nov/2025:11:22:50 +0200] "GET /css/site.css HTTP/1.1" 200 40
::1 - - [19/Nov/2025:11:23:19 +0200] "GET /catalog HTTP/1.1" 200 1568
::1 - - [19/Nov/2025:11:23:19 +0200] "GET /img/person.jpg HTTP/1.1" 200 5673
::1 - - [19/Nov/2025:11:23:19 +0200] "GET /img/Python.png HTTP/1.1" 200 185433
::1 - - [19/Nov/2025:11:23:19 +0200] "GET /js/site.js HTTP/1.1" 200 27
::1 - - [19/Nov/2025:11:23:19 +0200] "GET /css/site.css HTTP/1.1" 200 40
::1 - - [19/Nov/2025:11:23:19 +0200] "GET /img/python.png HTTP/1.1" 200 185433
::1 - - [19/Nov/2025:11:23:20 +0200] "GET /catalog HTTP/1.1" 200 1568
::1 - - [19/Nov/2025:11:23:20 +0200] "GET /img/Python.png HTTP/1.1" 200 185433
::1 - - [19/Nov/2025:11:23:20 +0200] "GET /img/person.jpg HTTP/1.1" 200 5673
::1 - - [19/Nov/2025:11:23:20 +0200] "GET /js/site.js HTTP/1.1" 200 27
::1 - - [19/Nov/2025:11:23:20 +0200] "GET /css/site.css HTTP/1.1" 200 40
::1 - - [19/Nov/2025:11:23:20 +0200] "GET /img/python.png HTTP/1.1" 200 185433
::1 - - [19/Nov/2025:11:23:21 +0200] "GET /catalog HTTP/1.1" 200 1568
::1 - - [19/Nov/2025:11:23:21 +0200] "GET /img/person.jpg HTTP/1.1" 200 5673
::1 - - [19/Nov/2025:11:23:21 +0200] "GET /img/Python.png HTTP/1.1" 200 185433
::1 - - [19/Nov/2025:11:23:21 +0200] "GET /js/site.js HTTP/1.1" 200 27
::1 - - [19/Nov/2025:11:23:21 +0200] "GET /css/site.css HTTP/1.1" 200 40
::1 - - [19/Nov/2025:11:23:21 +0200] "GET /img/python.png HTTP/1.1" 200 185433
::1 - - [19/Nov/2025:11:23:45 +0200] "GET /catalog HTTP/1.1" 200 1568
::1 - - [19/Nov/2025:11:23:45 +0200] "GET /img/Python.png HTTP/1.1" 200 185433
::1 - - [19/Nov/2025:11:23:45 +0200] "GET /img/person.jpg HTTP/1.1" 200 5673
::1 - - [19/Nov/2025:11:23:45 +0200] "GET /js/site.js HTTP/1.1" 200 27
::1 - - [19/Nov/2025:11:23:45 +0200] "GET /css/site.css HTTP/1.1" 200 40
::1 - - [19/Nov/2025:11:23:45 +0200] "GET /img/python.png HTTP/1.1" 200 185433
::1 - - [19/Nov/2025:11:23:45 +0200] "GET /catalog HTTP/1.1" 200 1568
::1 - - [19/Nov/2025:11:23:45 +0200] "GET /img/person.jpg HTTP/1.1" 200 5673
::1 - - [19/Nov/2025:11:23:45 +0200] "GET /img/Python.png HTTP/1.1" 200 185433
::1 - - [19/Nov/2025:11:23:45 +0200] "GET /js/site.js HTTP/1.1" 200 27
::1 - - [19/Nov/2025:11:23:45 +0200] "GET /css/site.css HTTP/1.1" 200 40
::1 - - [19/Nov/2025:11:23:46 +0200] "GET /img/python.png HTTP/1.1" 200 185433
::1 - - [19/Nov/2025:11:27:50 +0200] "GET /catalog HTTP/1.1" 200 1622
::1 - - [19/Nov/2025:11:27:50 +0200] "GET /img/person.jpg HTTP/1.1" 200 5673
::1 - - [19/Nov/2025:11:27:50 +0200] "GET /img/Python.png HTTP/1.1" 200 185433
::1 - - [19/Nov/2025:11:27:50 +0200] "GET /css/site.css HTTP/1.1" 200 40
::1 - - [19/Nov/2025:11:27:50 +0200] "GET /js/site.js HTTP/1.1" 200 27
::1 - - [19/Nov/2025:11:27:50 +0200] "GET /img/python.png HTTP/1.1" 200 185433
::1 - - [19/Nov/2025:11:27:50 +0200] "GET /catalog HTTP/1.1" 200 1622
::1 - - [19/Nov/2025:11:27:50 +0200] "GET /img/person.jpg HTTP/1.1" 200 5673
::1 - - [19/Nov/2025:11:27:50 +0200] "GET /img/Python.png HTTP/1.1" 200 185433
::1 - - [19/Nov/2025:11:27:50 +0200] "GET /js/site.js HTTP/1.1" 200 27
::1 - - [19/Nov/2025:11:27:50 +0200] "GET /css/site.css HTTP/1.1" 200 40
::1 - - [19/Nov/2025:11:27:51 +0200] "GET /img/python.png HTTP/1.1" 200 185433
::1 - - [19/Nov/2025:11:27:52 +0200] "GET /home/privacy HTTP/1.1" 404 92
::1 - - [19/Nov/2025:11:27:52 +0200] "GET /favicon.ico HTTP/1.1" 200 1530
::1 - - [19/Nov/2025:11:28:38 +0200] "GET /home/privacy HTTP/1.1" 404 92
::1 - - [19/Nov/2025:11:28:38 +0200] "GET /favicon.ico HTTP/1.1" 200 1530
::1 - - [19/Nov/2025:11:37:19 +0200] "GET /home/privacy HTTP/1.1" 404 92
::1 - - [19/Nov/2025:11:37:20 +0200] "GET /favicon.ico HTTP/1.1" 200 1530
::1 - - [19/Nov/2025:11:37:20 +0200] "GET /home/privacy HTTP/1.1" 404 92
::1 - - [19/Nov/2025:11:37:20 +0200] "GET /favicon.ico HTTP/1.1" 200 1530
::1 - - [19/Nov/2025:11:37:20 +0200] "GET /home/privacy HTTP/1.1" 404 92
::1 - - [19/Nov/2025:11:37:21 +0200] "GET /favicon.ico HTTP/1.1" 200 1530
::1 - - [19/Nov/2025:11:39:12 +0200] "GET /home/privacy HTTP/1.1" 200 1673
::1 - - [19/Nov/2025:11:39:12 +0200] "GET /img/person.jpg HTTP/1.1" 200 5673
::1 - - [19/Nov/2025:11:39:12 +0200] "GET /img/Python.png HTTP/1.1" 200 185433
::1 - - [19/Nov/2025:11:39:12 +0200] "GET /js/site.js HTTP/1.1" 200 27
::1 - - [19/Nov/2025:11:39:12 +0200] "GET /css/site.css HTTP/1.1" 200 40
::1 - - [19/Nov/2025:11:39:15 +0200] "GET /home/privacy HTTP/1.1" 200 1673
::1 - - [19/Nov/2025:11:39:16 +0200] "GET /img/Python.png HTTP/1.1" 200 185433
::1 - - [19/Nov/2025:11:39:16 +0200] "GET /img/person.jpg HTTP/1.1" 200 5673
::1 - - [19/Nov/2025:11:39:16 +0200] "GET /js/site.js HTTP/1.1" 200 27
::1 - - [19/Nov/2025:11:39:16 +0200] "GET /css/site.css HTTP/1.1" 200 40
::1 - - [19/Nov/2025:11:39:16 +0200] "GET /img/python.png HTTP/1.1" 200 185433
::1 - - [19/Nov/2025:11:39:19 +0200] "GET /home/privacy HTTP/1.1" 200 1673
::1 - - [19/Nov/2025:11:39:19 +0200] "GET /js/site.js HTTP/1.1" 200 27
::1 - - [19/Nov/2025:11:39:19 +0200] "GET /img/person.jpg HTTP/1.1" 200 5673
::1 - - [19/Nov/2025:11:39:19 +0200] "GET /img/Python.png HTTP/1.1" 200 185433
::1 - - [19/Nov/2025:11:39:19 +0200] "GET /css/site.css HTTP/1.1" 200 40
::1 - - [19/Nov/2025:11:39:19 +0200] "GET /img/python.png HTTP/1.1" 200 185433
::1 - - [19/Nov/2025:11:39:19 +0200] "GET /home/privacy HTTP/1.1" 200 1673
::1 - - [19/Nov/2025:11:39:19 +0200] "GET /img/Python.png HTTP/1.1" 200 185433
::1 - - [19/Nov/2025:11:39:19 +0200] "GET /img/person.jpg HTTP/1.1" 200 5673
::1 - - [19/Nov/2025:11:39:19 +0200] "GET /js/site.js HTTP/1.1" 200 27
::1 - - [19/Nov/2025:11:39:19 +0200] "GET /css/site.css HTTP/1.1" 200 40
::1 - - [19/Nov/2025:11:39:19 +0200] "GET /img/python.png HTTP/1.1" 200 185433
::1 - - [21/Nov/2025:13:13:52 +0200] "GET / HTTP/1.1" 200 1622
::1 - - [21/Nov/2025:13:13:53 +0200] "GET /css/site.css HTTP/1.1" 200 40
::1 - - [21/Nov/2025:13:13:53 +0200] "GET /img/person.jpg HTTP/1.1" 200 5673
::1 - - [21/Nov/2025:13:13:53 +0200] "GET /img/Python.png HTTP/1.1" 200 185433
::1 - - [21/Nov/2025:13:13:53 +0200] "GET /js/site.js HTTP/1.1" 200 27
::1 - - [26/Nov/2025:09:32:36 +0200] "GET / HTTP/1.1" 404 67
::1 - - [26/Nov/2025:09:32:41 +0200] "GET /user HTTP/1.1" 404 89
::1 - - [26/Nov/2025:09:32:41 +0200] "GET /favicon.ico HTTP/1.1" 404 81
::1 - - [26/Nov/2025:09:35:44 +0200] "GET /user HTTP/1.1" 404 89
::1 - - [26/Nov/2025:09:35:44 +0200] "GET /user HTTP/1.1" 404 89
::1 - - [26/Nov/2025:09:35:47 +0200] "GET / HTTP/1.1" 404 67
::1 - - [26/Nov/2025:09:35:47 +0200] "GET / HTTP/1.1" 404 67
::1 - - [26/Nov/2025:09:36:46 +0200] "GET / HTTP/1.1" 404 67
::1 - - [26/Nov/2025:09:36:46 +0200] "GET / HTTP/1.1" 404 67
::1 - - [26/Nov/2025:09:37:18 +0200] "GET / HTTP/1.1" 404 67
::1 - - [26/Nov/2025:09:37:19 +0200] "GET / HTTP/1.1" 404 67
::1 - - [26/Nov/2025:09:37:19 +0200] "GET / HTTP/1.1" 404 67
::1 - - [26/Nov/2025:09:38:02 +0200] "GET / HTTP/1.1" 404 67
::1 - - [26/Nov/2025:09:38:08 +0200] "GET / HTTP/1.1" 404 67
::1 - - [26/Nov/2025:09:38:21 +0200] "GET / HTTP/1.1" 404 67
::1 - - [26/Nov/2025:09:39:47 +0200] "GET / HTTP/1.1" 404 2462
::1 - - [26/Nov/2025:09:39:48 +0200] "GET / HTTP/1.1" 404 2462
::1 - - [26/Nov/2025:09:39:54 +0200] "GET /user HTTP/1.1" 404 2435
::1 - - [26/Nov/2025:09:43:13 +0200] "GET /user HTTP/1.1" 404 2466
::1 - - [26/Nov/2025:09:43:13 +0200] "GET /user HTTP/1.1" 404 2466
::1 - - [26/Nov/2025:09:43:14 +0200] "GET /user HTTP/1.1" 404 2466
::1 - - [26/Nov/2025:09:43:14 +0200] "GET /user HTTP/1.1" 404 2466
::1 - - [26/Nov/2025:09:43:14 +0200] "GET /user HTTP/1.1" 404 2466
::1 - - [26/Nov/2025:09:45:53 +0200] "GET /user HTTP/1.1" 404 2466
::1 - - [26/Nov/2025:09:45:53 +0200] "GET /user HTTP/1.1" 404 2466
::1 - - [26/Nov/2025:09:46:54 +0200] "GET /user HTTP/1.1" 404 2489
::1 - - [26/Nov/2025:09:46:54 +0200] "GET /user HTTP/1.1" 404 2489
::1 - - [26/Nov/2025:09:46:55 +0200] "GET /user HTTP/1.1" 404 2489
::1 - - [26/Nov/2025:09:47:31 +0200] "GET /user HTTP/1.1" 200 2479
::1 - - [26/Nov/2025:09:47:31 +0200] "GET /img/person.jpg HTTP/1.1" 200 5673
::1 - - [26/Nov/2025:09:47:31 +0200] "GET /img/python.png HTTP/1.1" 200 185433
::1 - - [26/Nov/2025:09:47:31 +0200] "GET /js/site.js HTTP/1.1" 200 27
::1 - - [26/Nov/2025:09:47:31 +0200] "GET /css/site.css HTTP/1.1" 200 40
::1 - - [26/Nov/2025:09:47:32 +0200] "GET /user HTTP/1.1" 200 2479
::1 - - [26/Nov/2025:09:47:32 +0200] "GET /img/person.jpg HTTP/1.1" 200 5673
::1 - - [26/Nov/2025:09:47:32 +0200] "GET /js/site.js HTTP/1.1" 200 27
::1 - - [26/Nov/2025:09:47:32 +0200] "GET /img/python.png HTTP/1.1" 200 185433
::1 - - [26/Nov/2025:09:47:32 +0200] "GET /css/site.css HTTP/1.1" 200 40
::1 - - [26/Nov/2025:09:48:12 +0200] "GET /css/site.css HTTP/1.1" 200 40
::1 - - [26/Nov/2025:09:49:47 +0200] "GET /user HTTP/1.1" 404 2494
::1 - - [26/Nov/2025:09:49:47 +0200] "GET /img/python.png HTTP/1.1" 200 185433
::1 - - [26/Nov/2025:09:49:47 +0200] "GET /img/person.jpg HTTP/1.1" 200 5673
::1 - - [26/Nov/2025:09:49:47 +0200] "GET /css/site.css HTTP/1.1" 200 40
::1 - - [26/Nov/2025:09:49:47 +0200] "GET /js/site.js HTTP/1.1" 200 27
::1 - - [26/Nov/2025:09:49:48 +0200] "GET /user HTTP/1.1" 404 2494
::1 - - [26/Nov/2025:09:49:48 +0200] "GET /js/site.js HTTP/1.1" 200 27
::1 - - [26/Nov/2025:09:49:48 +0200] "GET /img/python.png HTTP/1.1" 200 185433
::1 - - [26/Nov/2025:09:49:48 +0200] "GET /img/person.jpg HTTP/1.1" 200 5673
::1 - - [26/Nov/2025:09:49:48 +0200] "GET /css/site.css HTTP/1.1" 200 40
::1 - - [26/Nov/2025:09:49:48 +0200] "GET /user HTTP/1.1" 404 2494
::1 - - [26/Nov/2025:09:49:48 +0200] "GET /img/person.jpg HTTP/1.1" 200 5673
::1 - - [26/Nov/2025:09:49:48 +0200] "GET /img/python.png HTTP/1.1" 200 185433
::1 - - [26/Nov/2025:09:49:48 +0200] "GET /js/site.js HTTP/1.1" 200 27
::1 - - [26/Nov/2025:09:49:48 +0200] "GET /css/site.css HTTP/1.1" 200 40
::1 - - [26/Nov/2025:09:49:49 +0200] "GET /user HTTP/1.1" 404 2494
::1 - - [26/Nov/2025:09:49:49 +0200] "GET /img/python.png HTTP/1.1" 200 185433
::1 - - [26/Nov/2025:09:49:49 +0200] "GET /js/site.js HTTP/1.1" 200 27
::1 - - [26/Nov/2025:09:49:49 +0200] "GET /img/person.jpg HTTP/1.1" 200 5673
::1 - - [26/Nov/2025:09:49:49 +0200] "GET /css/site.css HTTP/1.1" 200 40
::1 - - [26/Nov/2025:09:50:03 +0200] "GET /user HTTP/1.1" 404 2488
::1 - - [26/Nov/2025:09:50:04 +0200] "GET /user HTTP/1.1" 404 2488
::1 - - [26/Nov/2025:09:50:04 +0200] "GET /user HTTP/1.1" 404 2488
::1 - - [26/Nov/2025:09:50:05 +0200] "GET /user HTTP/1.1" 404 2488
::1 - - [26/Nov/2025:09:50:05 +0200] "GET /user HTTP/1.1" 404 2488
::1 - - [26/Nov/2025:09:50:05 +0200] "GET /user HTTP/1.1" 404 2488
::1 - - [26/Nov/2025:09:50:57 +0200] "GET /user HTTP/1.1" 404 2485
::1 - - [26/Nov/2025:09:50:57 +0200] "GET /user HTTP/1.1" 404 2485
::1 - - [26/Nov/2025:09:50:58 +0200] "GET /user HTTP/1.1" 404 2485
::1 - - [26/Nov/2025:09:50:58 +0200] "GET /user HTTP/1.1" 404 2485
::1 - - [26/Nov/2025:09:51:11 +0200] "GET / HTTP/1.1" 404 2492
::1 - - [26/Nov/2025:09:51:12 +0200] "GET / HTTP/1.1" 404 2434
::1 - - [26/Nov/2025:09:51:20 +0200] "GET /catalog HTTP/1.1" 404 2450
::1 - - [26/Nov/2025:09:51:27 +0200] "GET /user HTTP/1.1" 404 2492
::1 - - [26/Nov/2025:09:51:27 +0200] "GET /user HTTP/1.1" 404 2434
::1 - - [26/Nov/2025:09:51:52 +0200] "GET /user HTTP/1.1" 200 2511
::1 - - [26/Nov/2025:09:51:53 +0200] "GET /user HTTP/1.1" 200 2511
::1 - - [26/Nov/2025:09:52:25 +0200] "GET /user HTTP/1.1" 200 70
::1 - - [26/Nov/2025:10:35:10 +0200] "GET /user HTTP/1.1" 500 632
::1 - - [26/Nov/2025:10:35:12 +0200] "GET /user HTTP/1.1" 500 632
::1 - - [26/Nov/2025:10:35:17 +0200] "GET / HTTP/1.1" 500 632
::1 - - [26/Nov/2025:10:36:15 +0200] "GET / HTTP/1.1" 500 632
::1 - - [26/Nov/2025:10:36:17 +0200] "GET / HTTP/1.1" 500 632
::1 - - [26/Nov/2025:10:36:22 +0200] "GET /user HTTP/1.1" 500 632
::1 - - [26/Nov/2025:10:36:22 +0200] "GET /user HTTP/1.1" 500 632
::1 - - [26/Nov/2025:10:38:48 +0200] "GET /user HTTP/1.1" 500 632
::1 - - [26/Nov/2025:10:44:44 +0200] "GET /user HTTP/1.1" 500 632
::1 - - [26/Nov/2025:10:44:48 +0200] "GET / HTTP/1.1" 404 50
::1 - - [26/Nov/2025:10:44:49 +0200] "GET / HTTP/1.1" 404 50
::1 - - [26/Nov/2025:10:50:21 +0200] "GET / HTTP/1.1" 404 50
::1 - - [26/Nov/2025:10:50:23 +0200] "GET / HTTP/1.1" 404 50
::1 - - [26/Nov/2025:10:50:41 +0200] "GET /user HTTP/1.1" 200 63
::1 - - [26/Nov/2025:10:50:48 +0200] "GET / HTTP/1.1" 404 50
::1 - - [26/Nov/2025:10:50:49 +0200] "GET / HTTP/1.1" 404 50
::1 - - [26/Nov/2025:10:51:16 +0200] "GET / HTTP/1.1" 200 1566
::1 - - [26/Nov/2025:10:51:17 +0200] "GET /css/site.css HTTP/1.1" 200 40
::1 - - [26/Nov/2025:10:51:17 +0200] "GET /img/person.jpg HTTP/1.1" 200 5673
::1 - - [26/Nov/2025:10:51:17 +0200] "GET /img/Python.png HTTP/1.1" 200 185433
::1 - - [26/Nov/2025:10:51:17 +0200] "GET /js/site.js HTTP/1.1" 200 27
::1 - - [26/Nov/2025:10:52:13 +0200] "GET / HTTP/1.1" 200 1566
::1 - - [26/Nov/2025:10:52:14 +0200] "GET /img/Python.png HTTP/1.1" 200 185433
::1 - - [26/Nov/2025:10:52:14 +0200] "GET /img/person.jpg HTTP/1.1" 200 5673
::1 - - [26/Nov/2025:10:52:14 +0200] "GET /css/site.css HTTP/1.1" 200 40
::1 - - [26/Nov/2025:10:52:14 +0200] "GET /js/site.js HTTP/1.1" 200 27
::1 - - [26/Nov/2025:10:52:14 +0200] "GET /img/python.png HTTP/1.1" 200 185433
::1 - - [26/Nov/2025:10:52:14 +0200] "GET / HTTP/1.1" 200 1566
::1 - - [26/Nov/2025:10:52:15 +0200] "GET /img/person.jpg HTTP/1.1" 200 5673
::1 - - [26/Nov/2025:10:52:15 +0200] "GET /css/site.css HTTP/1.1" 200 40
::1 - - [26/Nov/2025:10:52:15 +0200] "GET /js/site.js HTTP/1.1" 200 27
::1 - - [26/Nov/2025:10:52:15 +0200] "GET /img/Python.png HTTP/1.1" 200 185433
::1 - - [26/Nov/2025:10:52:15 +0200] "GET /img/python.png HTTP/1.1" 200 185433
::1 - - [26/Nov/2025:10:52:15 +0200] "GET / HTTP/1.1" 200 1566
::1 - - [26/Nov/2025:10:52:15 +0200] "GET /img/Python.png HTTP/1.1" 200 185433
::1 - - [26/Nov/2025:10:52:15 +0200] "GET /img/person.jpg HTTP/1.1" 200 5673
::1 - - [26/Nov/2025:10:52:15 +0200] "GET /css/site.css HTTP/1.1" 200 40
::1 - - [26/Nov/2025:10:52:15 +0200] "GET /js/site.js HTTP/1.1" 200 27
::1 - - [26/Nov/2025:10:52:16 +0200] "GET /img/python.png HTTP/1.1" 200 185433
::1 - - [26/Nov/2025:10:53:10 +0200] "GET / HTTP/1.1" 200 1566
::1 - - [26/Nov/2025:10:53:10 +0200] "GET /css/site.css HTTP/1.1" 200 40
::1 - - [26/Nov/2025:10:53:10 +0200] "GET /img/person.jpg HTTP/1.1" 200 5673
::1 - - [26/Nov/2025:10:53:10 +0200] "GET /img/Python.png HTTP/1.1" 200 185433
::1 - - [26/Nov/2025:10:53:10 +0200] "GET /js/site.js HTTP/1.1" 200 27
::1 - - [26/Nov/2025:10:53:10 +0200] "GET /img/python.png HTTP/1.1" 200 185433
::1 - - [26/Nov/2025:10:53:11 +0200] "GET / HTTP/1.1" 200 1566
::1 - - [26/Nov/2025:10:53:11 +0200] "GET /img/Python.png HTTP/1.1" 200 185433
::1 - - [26/Nov/2025:10:53:11 +0200] "GET /img/person.jpg HTTP/1.1" 200 5673
::1 - - [26/Nov/2025:10:53:11 +0200] "GET /css/site.css HTTP/1.1" 200 40
::1 - - [26/Nov/2025:10:53:11 +0200] "GET /js/site.js HTTP/1.1" 200 27
::1 - - [26/Nov/2025:10:53:11 +0200] "GET /img/python.png HTTP/1.1" 200 185433
::1 - - [26/Nov/2025:10:53:43 +0200] "GET / HTTP/1.1" 200 1566
::1 - - [26/Nov/2025:10:53:43 +0200] "GET /img/person.jpg HTTP/1.1" 200 5673
::1 - - [26/Nov/2025:10:53:43 +0200] "GET /img/Python.png HTTP/1.1" 200 185433
::1 - - [26/Nov/2025:10:53:43 +0200] "GET /css/site.css HTTP/1.1" 200 40
::1 - - [26/Nov/2025:10:53:43 +0200] "GET /js/site.js HTTP/1.1" 200 27
::1 - - [26/Nov/2025:10:53:43 +0200] "GET /img/python.png HTTP/1.1" 200 185433
::1 - - [26/Nov/2025:10:53:44 +0200] "GET / HTTP/1.1" 200 1566
::1 - - [26/Nov/2025:10:53:44 +0200] "GET /img/Python.png HTTP/1.1" 200 185433
::1 - - [26/Nov/2025:10:53:44 +0200] "GET /js/site.js HTTP/1.1" 200 27
::1 - - [26/Nov/2025:10:53:44 +0200] "GET /css/site.css HTTP/1.1" 200 40
::1 - - [26/Nov/2025:10:53:44 +0200] "GET /img/person.jpg HTTP/1.1" 200 5673
::1 - - [26/Nov/2025:10:53:44 +0200] "GET /img/python.png HTTP/1.1" 200 185433
::1 - - [26/Nov/2025:11:01:51 +0200] "GET / HTTP/1.1" 200 1566
::1 - - [26/Nov/2025:11:01:51 +0200] "GET /css/site.css HTTP/1.1" 200 40
::1 - - [26/Nov/2025:11:01:51 +0200] "GET /img/Python.png HTTP/1.1" 200 185433
::1 - - [26/Nov/2025:11:01:51 +0200] "GET /img/person.jpg HTTP/1.1" 200 5673
::1 - - [26/Nov/2025:11:01:52 +0200] "GET /js/site.js HTTP/1.1" 200 543
::1 - - [26/Nov/2025:11:01:52 +0200] "GET /img/python.png HTTP/1.1" 200 185433
::1 - - [26/Nov/2025:11:01:54 +0200] "GET /user HTTP/1.1" 200 63
::1 - - [26/Nov/2025:11:01:56 +0200] "GET /usertest HTTP/1.1" 404 56
::1 - - [26/Nov/2025:11:02:04 +0200] "GET /user HTTP/1.1" 200 63
::1 - - [26/Nov/2025:11:08:12 +0200] "GET /usertest HTTP/1.1" 404 56
::1 - - [26/Nov/2025:11:08:44 +0200] "GET /usertest HTTP/1.1" 200 719
::1 - - [26/Nov/2025:11:08:44 +0200] "GET /css/site.css HTTP/1.1" 200 40
::1 - - [26/Nov/2025:11:08:44 +0200] "GET /js/site.js HTTP/1.1" 200 839
::1 - - [26/Nov/2025:11:10:10 +0200] "GET /usertest HTTP/1.1" 200 719
::1 - - [26/Nov/2025:11:10:10 +0200] "GET /css/site.css HTTP/1.1" 200 40
::1 - - [26/Nov/2025:11:10:10 +0200] "GET /js/site.js HTTP/1.1" 200 839
::1 - - [26/Nov/2025:11:10:11 +0200] "GET /img/python.png HTTP/1.1" 200 185433
::1 - - [26/Nov/2025:11:12:08 +0200] "GET /usertest HTTP/1.1" 200 745
::1 - - [26/Nov/2025:11:12:08 +0200] "GET /js/site.js HTTP/1.1" 200 839
::1 - - [26/Nov/2025:11:12:08 +0200] "GET /css/site.css HTTP/1.1" 200 40
::1 - - [26/Nov/2025:11:12:08 +0200] "GET /img/python.png HTTP/1.1" 200 185433
::1 - - [26/Nov/2025:11:13:55 +0200] "GET /usertest HTTP/1.1" 200 889
::1 - - [26/Nov/2025:11:13:55 +0200] "GET /js/site.js HTTP/1.1" 200 839
::1 - - [26/Nov/2025:11:13:55 +0200] "GET /css/site.css HTTP/1.1" 200 40
::1 - - [26/Nov/2025:11:13:55 +0200] "GET /img/python.png HTTP/1.1" 200 185433
::1 - - [26/Nov/2025:11:14:11 +0200] "GET /usertest HTTP/1.1" 200 890
::1 - - [26/Nov/2025:11:14:11 +0200] "GET /js/site.js HTTP/1.1" 200 839
::1 - - [26/Nov/2025:11:14:11 +0200] "GET /css/site.css HTTP/1.1" 200 40
::1 - - [26/Nov/2025:11:14:11 +0200] "GET /img/python.png HTTP/1.1" 200 185433
::1 - - [26/Nov/2025:17:04:11 +0200] "GET / HTTP/1.1" 200 1701
::1 - - [26/Nov/2025:17:04:12 +0200] "GET /css/site.css HTTP/1.1" 200 40
::1 - - [26/Nov/2025:17:04:12 +0200] "GET /img/Python.png HTTP/1.1" 200 185433
::1 - - [26/Nov/2025:17:04:12 +0200] "GET /img/person.jpg HTTP/1.1" 200 5673
::1 - - [26/Nov/2025:17:04:12 +0200] "GET /js/site.js HTTP/1.1" 200 865
::1 - - [26/Nov/2025:17:04:17 +0200] "GET /user HTTP/1.1" 200 70
::1 - - [26/Nov/2025:17:04:33 +0200] "GET /users HTTP/1.1" 404 48
::1 - - [26/Nov/2025:17:04:55 +0200] "GET /user HTTP/1.1" 200 70
::1 - - [26/Nov/2025:17:04:56 +0200] "GET /usertest HTTP/1.1" 200 890
::1 - - [26/Nov/2025:17:04:56 +0200] "GET /js/site.js HTTP/1.1" 200 865
::1 - - [26/Nov/2025:17:04:56 +0200] "GET /css/site.css HTTP/1.1" 200 40
::1 - - [26/Nov/2025:17:05:02 +0200] "GET /ordertest HTTP/1.1" 200 1342
::1 - - [26/Nov/2025:17:05:02 +0200] "GET /js/site.js HTTP/1.1" 200 865
::1 - - [26/Nov/2025:17:05:02 +0200] "GET /css/site.css HTTP/1.1" 200 40
::1 - - [26/Nov/2025:17:05:13 +0200] "GET /css/site.css HTTP/1.1" 200 40
::1 - - [26/Nov/2025:17:05:56 +0200] "GET /ordertest HTTP/1.1" 200 1342
::1 - - [26/Nov/2025:17:05:56 +0200] "GET /css/site.css HTTP/1.1" 200 40
::1 - - [26/Nov/2025:17:05:56 +0200] "GET /js/site.js HTTP/1.1" 200 874
::1 - - [26/Nov/2025:17:05:56 +0200] "GET /img/python.png HTTP/1.1" 200 185433
::1 - - [26/Nov/2025:17:07:14 +0200] "GET /order/2 HTTP/1.1" 200 80
::1 - - [26/Nov/2025:17:07:22 +0200] "GET /order/2? HTTP/1.1" 200 80
::1 - - [30/Nov/2025:00:26:14 +0200] "GET / HTTP/1.1" 200 654
::1 - - [30/Nov/2025:00:26:14 +0200] "GET /css/site.css HTTP/1.1" 200 40
::1 - - [30/Nov/2025:00:26:17 +0200] "GET /home/params HTTP/1.1" 200 1477
::1 - - [30/Nov/2025:00:26:17 +0200] "GET /css/site.css HTTP/1.1" 200 40
::1 - - [30/Nov/2025:00:26:21 +0200] "GET /home/privacy HTTP/1.1" 200 678
::1 - - [30/Nov/2025:00:26:21 +0200] "GET /css/site.css HTTP/1.1" 200 40
::1 - - [30/Nov/2025:00:26:48 +0200] "GET /home/params HTTP/1.1" 200 1477
::1 - - [30/Nov/2025:00:26:48 +0200] "GET /css/site.css HTTP/1.1" 200 40
::1 - - [02/Dec/2025:22:27:08 +0200] "GET / HTTP/1.1" 200 654
::1 - - [02/Dec/2025:22:27:08 +0200] "GET /css/site.css HTTP/1.1" 200 40
::1 - - [03/Dec/2025:09:24:15 +0200] "GET / HTTP/1.1" 200 654
::1 - - [03/Dec/2025:09:24:15 +0200] "GET /css/site.css HTTP/1.1" 200 40
::1 - - [03/Dec/2025:09:41:14 +0200] "GET /home/params HTTP/1.1" 200 1477
::1 - - [03/Dec/2025:09:41:15 +0200] "GET /css/site.css HTTP/1.1" 200 40
::1 - - [03/Dec/2025:09:41:17 +0200] "GET /home/index HTTP/1.1" 200 654
::1 - - [03/Dec/2025:09:41:17 +0200] "GET /css/site.css HTTP/1.1" 200 40
::1 - - [03/Dec/2025:09:41:18 +0200] "GET /home/privacy HTTP/1.1" 200 678
::1 - - [03/Dec/2025:09:41:18 +0200] "GET /css/site.css HTTP/1.1" 200 40
::1 - - [03/Dec/2025:09:41:23 +0200] "GET /user HTTP/1.1" 200 70
::1 - - [03/Dec/2025:09:41:26 +0200] "GET /usertest HTTP/1.1" 200 890
::1 - - [03/Dec/2025:09:41:26 +0200] "GET /css/site.css HTTP/1.1" 200 40
::1 - - [03/Dec/2025:09:41:26 +0200] "GET /js/site.js HTTP/1.1" 200 1178
::1 - - [03/Dec/2025:09:41:28 +0200] "GET /user HTTP/1.1" 200 70
::1 - - [03/Dec/2025:09:41:29 +0200] "POST /user HTTP/1.1" 200 70
::1 - - [03/Dec/2025:09:42:16 +0200] "GET /usertest HTTP/1.1" 200 890
::1 - - [03/Dec/2025:09:42:16 +0200] "GET /js/site.js HTTP/1.1" 200 1178
::1 - - [03/Dec/2025:09:42:16 +0200] "GET /css/site.css HTTP/1.1" 200 40
::1 - - [03/Dec/2025:09:42:16 +0200] "GET /img/python.png HTTP/1.1" 200 185433
::1 - - [03/Dec/2025:09:42:17 +0200] "POST /user HTTP/1.1" 200 70
::1 - - [03/Dec/2025:09:42:19 +0200] "GET /user HTTP/1.1" 200 70
::1 - - [03/Dec/2025:09:42:40 +0200] "GET /usertest HTTP/1.1" 200 890
::1 - - [03/Dec/2025:09:42:40 +0200] "GET /js/site.js HTTP/1.1" 200 1178
::1 - - [03/Dec/2025:09:42:40 +0200] "GET /css/site.css HTTP/1.1" 200 40
::1 - - [03/Dec/2025:09:42:40 +0200] "GET /img/python.png HTTP/1.1" 200 185433
::1 - - [03/Dec/2025:09:42:41 +0200] "GET /user HTTP/1.1" 200 68
::1 - - [03/Dec/2025:09:42:42 +0200] "POST /user HTTP/1.1" 200 68
::1 - - [03/Dec/2025:09:45:05 +0200] "GET /css/site.css HTTP/1.1" 200 40
::1 - - [03/Dec/2025:09:45:16 +0200] "POST /user HTTP/1.1" 200 68
::1 - - [03/Dec/2025:09:47:15 +0200] "GET /usertest HTTP/1.1" 200 890
::1 - - [03/Dec/2025:09:47:16 +0200] "GET /js/site.js HTTP/1.1" 200 1178
::1 - - [03/Dec/2025:09:47:16 +0200] "GET /css/site.css HTTP/1.1" 200 40
::1 - - [03/Dec/2025:09:47:16 +0200] "GET /img/python.png HTTP/1.1" 200 185433
::1 - - [03/Dec/2025:09:47:17 +0200] "POST /user HTTP/1.1" 200 68
::1 - - [03/Dec/2025:09:47:25 +0200] "GET /user HTTP/1.1" 200 68
::1 - - [03/Dec/2025:09:49:50 +0200] "GET /usertest HTTP/1.1" 200 890
::1 - - [03/Dec/2025:09:49:50 +0200] "GET /js/site.js HTTP/1.1" 200 1178
::1 - - [03/Dec/2025:09:49:50 +0200] "GET /css/site.css HTTP/1.1" 200 40
::1 - - [03/Dec/2025:09:49:50 +0200] "GET /img/python.png HTTP/1.1" 200 185433
::1 - - [03/Dec/2025:09:49:51 +0200] "POST /user HTTP/1.1" 200 69
::1 - - [03/Dec/2025:09:49:59 +0200] "GET /user HTTP/1.1" 200 154
::1 - - [03/Dec/2025:09:52:13 +0200] "GET /usertest HTTP/1.1" 200 890
::1 - - [03/Dec/2025:09:52:13 +0200] "GET /js/site.js HTTP/1.1" 200 1178
::1 - - [03/Dec/2025:09:52:13 +0200] "GET /css/site.css HTTP/1.1" 200 40
::1 - - [03/Dec/2025:09:52:13 +0200] "GET /img/python.png HTTP/1.1" 200 185433
::1 - - [03/Dec/2025:09:52:14 +0200] "POST /user HTTP/1.1" 200 69
::1 - - [03/Dec/2025:09:52:15 +0200] "GET /user HTTP/1.1" 200 154
::1 - - [03/Dec/2025:09:52:34 +0200] "GET /usertest HTTP/1.1" 200 890
::1 - - [03/Dec/2025:09:52:34 +0200] "GET /js/site.js HTTP/1.1" 200 1178
::1 - - [03/Dec/2025:09:52:34 +0200] "GET /css/site.css HTTP/1.1" 200 40
::1 - - [03/Dec/2025:09:52:34 +0200] "GET /img/python.png HTTP/1.1" 200 185433
::1 - - [03/Dec/2025:09:52:35 +0200] "GET /user HTTP/1.1" 200 68
::1 - - [03/Dec/2025:09:52:35 +0200] "POST /user HTTP/1.1" 200 69
::1 - - [03/Dec/2025:10:08:41 +0200] "GET /usertest HTTP/1.1" 200 890
::1 - - [03/Dec/2025:10:08:41 +0200] "GET /js/site.js HTTP/1.1" 200 1178
::1 - - [03/Dec/2025:10:08:41 +0200] "GET /css/site.css HTTP/1.1" 200 40
::1 - - [03/Dec/2025:10:08:41 +0200] "GET /img/python.png HTTP/1.1" 200 185433
::1 - - [03/Dec/2025:10:08:42 +0200] "POST /user HTTP/1.1" 200 69
::1 - - [03/Dec/2025:10:08:44 +0200] "GET /user HTTP/1.1" 200 68
::1 - - [03/Dec/2025:10:28:38 +0200] "GET /usertest HTTP/1.1" 200 890
::1 - - [03/Dec/2025:10:28:38 +0200] "GET /js/site.js HTTP/1.1" 200 1178
::1 - - [03/Dec/2025:10:28:38 +0200] "GET /css/site.css HTTP/1.1" 200 40
::1 - - [03/Dec/2025:10:28:39 +0200] "GET /img/python.png HTTP/1.1" 200 185433
::1 - - [03/Dec/2025:10:28:39 +0200] "GET /user HTTP/1.1" 200 519
::1 - - [03/Dec/2025:10:28:40 +0200] "POST /user HTTP/1.1" 200 194
::1 - - [03/Dec/2025:10:29:22 +0200] "GET /usertest HTTP/1.1" 200 890
::1 - - [03/Dec/2025:10:29:22 +0200] "GET /js/site.js HTTP/1.1" 200 1178
::1 - - [03/Dec/2025:10:29:22 +0200] "GET /css/site.css HTTP/1.1" 200 40
::1 - - [03/Dec/2025:10:29:22 +0200] "GET /img/python.png HTTP/1.1" 200 185433
::1 - - [03/Dec/2025:10:29:22 +0200] "GET /user HTTP/1.1" 200 519
::1 - - [03/Dec/2025:10:29:24 +0200] "POST /user HTTP/1.1" 200 551
::1 - - [03/Dec/2025:10:33:15 +0200] "GET /usertest HTTP/1.1" 200 890
::1 - - [03/Dec/2025:10:33:15 +0200] "GET /js/site.js HTTP/1.1" 200 1366
::1 - - [03/Dec/2025:10:33:15 +0200] "GET /css/site.css HTTP/1.1" 200 40
::1 - - [03/Dec/2025:10:33:15 +0200] "GET /img/python.png HTTP/1.1" 200 185433
::1 - - [03/Dec/2025:10:33:16 +0200] "POST /user HTTP/1.1" 200 551
::1 - - [03/Dec/2025:10:33:17 +0200] "GET /user HTTP/1.1" 200 519
::1 - - [03/Dec/2025:10:35:17 +0200] "GET /usertest HTTP/1.1" 200 890
::1 - - [03/Dec/2025:10:35:17 +0200] "GET /js/site.js HTTP/1.1" 200 1366
::1 - - [03/Dec/2025:10:35:17 +0200] "GET /css/site.css HTTP/1.1" 200 40
::1 - - [03/Dec/2025:10:35:17 +0200] "GET /img/python.png HTTP/1.1" 200 185433
::1 - - [03/Dec/2025:10:35:18 +0200] "POST /user HTTP/1.1" 200 551
::1 - - [03/Dec/2025:10:36:14 +0200] "GET /usertest HTTP/1.1" 200 890
::1 - - [03/Dec/2025:10:36:14 +0200] "GET /js/site.js HTTP/1.1" 200 1364
::1 - - [03/Dec/2025:10:36:14 +0200] "GET /css/site.css HTTP/1.1" 200 40
::1 - - [03/Dec/2025:10:36:15 +0200] "GET /img/python.png HTTP/1.1" 200 185433
::1 - - [03/Dec/2025:10:36:15 +0200] "POST /user HTTP/1.1" 200 551
::1 - - [03/Dec/2025:10:36:27 +0200] "GET /user HTTP/1.1" 200 519
::1 - - [03/Dec/2025:10:36:28 +0200] "GET /user HTTP/1.1" 200 519
::1 - - [03/Dec/2025:10:36:29 +0200] "GET /user HTTP/1.1" 200 519
::1 - - [03/Dec/2025:10:36:29 +0200] "GET /usertest HTTP/1.1" 200 890
::1 - - [03/Dec/2025:10:36:29 +0200] "GET /js/site.js HTTP/1.1" 200 1364
::1 - - [03/Dec/2025:10:36:29 +0200] "GET /css/site.css HTTP/1.1" 200 40
::1 - - [03/Dec/2025:10:36:30 +0200] "GET /img/python.png HTTP/1.1" 200 185433
::1 - - [03/Dec/2025:10:36:30 +0200] "POST /user HTTP/1.1" 200 551
::1 - - [03/Dec/2025:10:37:06 +0200] "GET /usertest HTTP/1.1" 200 890
::1 - - [03/Dec/2025:10:37:06 +0200] "GET /js/site.js HTTP/1.1" 200 1380
::1 - - [03/Dec/2025:10:37:06 +0200] "GET /css/site.css HTTP/1.1" 200 40
::1 - - [03/Dec/2025:10:37:07 +0200] "GET /img/python.png HTTP/1.1" 200 185433
::1 - - [03/Dec/2025:10:37:07 +0200] "POST /user HTTP/1.1" 200 551
::1 - - [03/Dec/2025:10:37:36 +0200] "GET /usertest HTTP/1.1" 200 890
::1 - - [03/Dec/2025:10:37:36 +0200] "GET /js/site.js HTTP/1.1" 200 1380
::1 - - [03/Dec/2025:10:37:36 +0200] "GET /css/site.css HTTP/1.1" 200 40
::1 - - [03/Dec/2025:10:37:36 +0200] "GET /img/python.png HTTP/1.1" 200 185433
::1 - - [03/Dec/2025:10:37:37 +0200] "POST /user HTTP/1.1" 200 551
::1 - - [03/Dec/2025:10:39:01 +0200] "GET /user HTTP/1.1" 200 519
::1 - - [03/Dec/2025:10:39:03 +0200] "GET /user HTTP/1.1" 200 519
::1 - - [03/Dec/2025:10:39:04 +0200] "GET /usertest HTTP/1.1" 200 890
::1 - - [03/Dec/2025:10:39:05 +0200] "GET /js/site.js HTTP/1.1" 200 1380
::1 - - [03/Dec/2025:10:39:05 +0200] "GET /css/site.css HTTP/1.1" 200 40
::1 - - [03/Dec/2025:10:39:05 +0200] "GET /img/python.png HTTP/1.1" 200 185433
::1 - - [03/Dec/2025:10:52:50 +0200] "GET /usertest HTTP/1.1" 200 890
::1 - - [03/Dec/2025:10:52:51 +0200] "GET /js/site.js HTTP/1.1" 200 1380
::1 - - [03/Dec/2025:10:52:51 +0200] "GET /css/site.css HTTP/1.1" 200 40
::1 - - [03/Dec/2025:10:52:51 +0200] "GET /img/python.png HTTP/1.1" 200 185433
::1 - - [03/Dec/2025:10:52:51 +0200] "POST /user HTTP/1.1" 200 581
::1 - - [03/Dec/2025:11:32:46 +0200] "GET /usertest HTTP/1.1" 200 890
::1 - - [03/Dec/2025:11:32:46 +0200] "GET /js/site.js HTTP/1.1" 200 1405
::1 - - [03/Dec/2025:11:32:46 +0200] "GET /css/site.css HTTP/1.1" 200 40
::1 - - [03/Dec/2025:11:32:46 +0200] "GET /img/python.png HTTP/1.1" 200 185433
::1 - - [03/Dec/2025:11:32:48 +0200] "POST /user HTTP/1.1" 200 606
